2016-12-24 16:02:14  [ main:0 ] - [ DEBUG ]  Using SLF4J as the default logging framework
2016-12-24 16:02:14  [ main:17 ] - [ DEBUG ]  -Dio.netty.eventLoopThreads: 16
2016-12-24 16:02:14  [ main:154 ] - [ DEBUG ]  java.nio.Buffer.address: available
2016-12-24 16:02:14  [ main:156 ] - [ DEBUG ]  sun.misc.Unsafe.theUnsafe: available
2016-12-24 16:02:14  [ main:156 ] - [ DEBUG ]  sun.misc.Unsafe.copyMemory: available
2016-12-24 16:02:14  [ main:157 ] - [ DEBUG ]  java.nio.Bits.unaligned: true
2016-12-24 16:02:14  [ main:157 ] - [ DEBUG ]  Java version: 8
2016-12-24 16:02:14  [ main:157 ] - [ DEBUG ]  -Dio.netty.noUnsafe: false
2016-12-24 16:02:14  [ main:158 ] - [ DEBUG ]  sun.misc.Unsafe: available
2016-12-24 16:02:14  [ main:166 ] - [ DEBUG ]  -Dio.netty.noJavassist: false
2016-12-24 16:02:14  [ main:166 ] - [ DEBUG ]  Javassist: unavailable
2016-12-24 16:02:14  [ main:167 ] - [ DEBUG ]  You don't have Javassist in your class path or you don't have enough permission to load dynamically generated classes.  Please check the configuration for better performance.
2016-12-24 16:02:14  [ main:167 ] - [ DEBUG ]  -Dio.netty.tmpdir: /var/folders/rj/j9h_c0cx6pxf1mhj6tnf60qw0000gn/T (java.io.tmpdir)
2016-12-24 16:02:14  [ main:167 ] - [ DEBUG ]  -Dio.netty.bitMode: 64 (sun.arch.data.model)
2016-12-24 16:02:14  [ main:168 ] - [ DEBUG ]  -Dio.netty.noPreferDirect: false
2016-12-24 16:02:14  [ main:168 ] - [ DEBUG ]  -Dio.netty.noKeySetOptimization: false
2016-12-24 16:02:14  [ main:170 ] - [ DEBUG ]  -Dio.netty.selectorAutoRebuildThreshold: 512
2016-12-24 16:02:14  [ main:225 ] - [ DEBUG ]  -Dio.netty.processId: 3186 (auto-detected)
2016-12-24 16:02:14  [ main:238 ] - [ DEBUG ]  -Dio.netty.machineId: d4:3d:7e:ff:fe:55:e2:37 (auto-detected)
2016-12-24 16:02:14  [ main:240 ] - [ DEBUG ]  -Dio.netty.initialSeedUniquifier: 0xc2b1ac75e28b3eb1 (took 55 ms)
2016-12-24 16:02:14  [ main:274 ] - [ DEBUG ]  -Dio.netty.allocator.numHeapArenas: 8
2016-12-24 16:02:14  [ main:274 ] - [ DEBUG ]  -Dio.netty.allocator.numDirectArenas: 8
2016-12-24 16:02:14  [ main:274 ] - [ DEBUG ]  -Dio.netty.allocator.pageSize: 8192
2016-12-24 16:02:14  [ main:274 ] - [ DEBUG ]  -Dio.netty.allocator.maxOrder: 11
2016-12-24 16:02:14  [ main:275 ] - [ DEBUG ]  -Dio.netty.allocator.chunkSize: 16777216
2016-12-24 16:02:14  [ main:275 ] - [ DEBUG ]  -Dio.netty.allocator.tinyCacheSize: 512
2016-12-24 16:02:14  [ main:275 ] - [ DEBUG ]  -Dio.netty.allocator.smallCacheSize: 256
2016-12-24 16:02:14  [ main:275 ] - [ DEBUG ]  -Dio.netty.allocator.normalCacheSize: 64
2016-12-24 16:02:14  [ main:275 ] - [ DEBUG ]  -Dio.netty.allocator.maxCachedBufferCapacity: 32768
2016-12-24 16:02:14  [ main:275 ] - [ DEBUG ]  -Dio.netty.allocator.cacheTrimInterval: 8192
2016-12-24 16:02:14  [ main:281 ] - [ DEBUG ]  -Dio.netty.allocator.type: pooled
2016-12-24 16:02:14  [ main:281 ] - [ DEBUG ]  -Dio.netty.threadLocalDirectBufferSize: 65536
2016-12-24 16:02:14  [ main:283 ] - [ DEBUG ]  Loopback interface: lo0 (lo0, 0:0:0:0:0:0:0:1)
2016-12-24 16:02:14  [ main:283 ] - [ DEBUG ]  /proc/sys/net/core/somaxconn: 128 (non-existent)
2016-12-24 16:02:14  [ main:305 ] - [ INFO ]  server start at port 8888
2016-12-24 16:02:14  [ main:306 ] - [ INFO ]  游戏逻辑线程启动......
2016-12-24 16:32:59  [ main:0 ] - [ DEBUG ]  Using SLF4J as the default logging framework
2016-12-24 16:32:59  [ main:10 ] - [ DEBUG ]  -Dio.netty.eventLoopThreads: 16
2016-12-24 16:32:59  [ main:45 ] - [ DEBUG ]  java.nio.Buffer.address: available
2016-12-24 16:32:59  [ main:47 ] - [ DEBUG ]  sun.misc.Unsafe.theUnsafe: available
2016-12-24 16:32:59  [ main:47 ] - [ DEBUG ]  sun.misc.Unsafe.copyMemory: available
2016-12-24 16:32:59  [ main:48 ] - [ DEBUG ]  java.nio.Bits.unaligned: true
2016-12-24 16:32:59  [ main:48 ] - [ DEBUG ]  Java version: 8
2016-12-24 16:32:59  [ main:49 ] - [ DEBUG ]  -Dio.netty.noUnsafe: false
2016-12-24 16:32:59  [ main:49 ] - [ DEBUG ]  sun.misc.Unsafe: available
2016-12-24 16:32:59  [ main:49 ] - [ DEBUG ]  -Dio.netty.noJavassist: false
2016-12-24 16:32:59  [ main:50 ] - [ DEBUG ]  Javassist: unavailable
2016-12-24 16:32:59  [ main:50 ] - [ DEBUG ]  You don't have Javassist in your class path or you don't have enough permission to load dynamically generated classes.  Please check the configuration for better performance.
2016-12-24 16:32:59  [ main:51 ] - [ DEBUG ]  -Dio.netty.tmpdir: /var/folders/rj/j9h_c0cx6pxf1mhj6tnf60qw0000gn/T (java.io.tmpdir)
2016-12-24 16:32:59  [ main:51 ] - [ DEBUG ]  -Dio.netty.bitMode: 64 (sun.arch.data.model)
2016-12-24 16:32:59  [ main:51 ] - [ DEBUG ]  -Dio.netty.noPreferDirect: false
2016-12-24 16:32:59  [ main:52 ] - [ DEBUG ]  -Dio.netty.noKeySetOptimization: false
2016-12-24 16:32:59  [ main:53 ] - [ DEBUG ]  -Dio.netty.selectorAutoRebuildThreshold: 512
2016-12-24 16:32:59  [ main:92 ] - [ DEBUG ]  -Dio.netty.processId: 3509 (auto-detected)
2016-12-24 16:32:59  [ main:96 ] - [ DEBUG ]  -Dio.netty.machineId: d4:3d:7e:ff:fe:55:e2:37 (auto-detected)
2016-12-24 16:32:59  [ main:97 ] - [ DEBUG ]  -Dio.netty.initialSeedUniquifier: 0x3c52ff75650a390e (took 11 ms)
2016-12-24 16:32:59  [ main:129 ] - [ DEBUG ]  -Dio.netty.allocator.numHeapArenas: 8
2016-12-24 16:32:59  [ main:129 ] - [ DEBUG ]  -Dio.netty.allocator.numDirectArenas: 8
2016-12-24 16:32:59  [ main:129 ] - [ DEBUG ]  -Dio.netty.allocator.pageSize: 8192
2016-12-24 16:32:59  [ main:129 ] - [ DEBUG ]  -Dio.netty.allocator.maxOrder: 11
2016-12-24 16:32:59  [ main:129 ] - [ DEBUG ]  -Dio.netty.allocator.chunkSize: 16777216
2016-12-24 16:32:59  [ main:130 ] - [ DEBUG ]  -Dio.netty.allocator.tinyCacheSize: 512
2016-12-24 16:32:59  [ main:130 ] - [ DEBUG ]  -Dio.netty.allocator.smallCacheSize: 256
2016-12-24 16:32:59  [ main:130 ] - [ DEBUG ]  -Dio.netty.allocator.normalCacheSize: 64
2016-12-24 16:32:59  [ main:130 ] - [ DEBUG ]  -Dio.netty.allocator.maxCachedBufferCapacity: 32768
2016-12-24 16:32:59  [ main:130 ] - [ DEBUG ]  -Dio.netty.allocator.cacheTrimInterval: 8192
2016-12-24 16:32:59  [ main:135 ] - [ DEBUG ]  -Dio.netty.allocator.type: pooled
2016-12-24 16:32:59  [ main:135 ] - [ DEBUG ]  -Dio.netty.threadLocalDirectBufferSize: 65536
2016-12-24 16:32:59  [ main:137 ] - [ DEBUG ]  Loopback interface: lo0 (lo0, 0:0:0:0:0:0:0:1)
2016-12-24 16:32:59  [ main:137 ] - [ DEBUG ]  /proc/sys/net/core/somaxconn: 128 (non-existent)
2016-12-24 16:32:59  [ main:152 ] - [ INFO ]  server start at port 8888
2016-12-24 16:32:59  [ main:153 ] - [ INFO ]  游戏逻辑线程启动......
2016-12-24 16:33:13  [ nioEventLoopGroup-1-0:14877 ] - [ DEBUG ]  -Dio.netty.leakDetectionLevel: simple
2016-12-24 16:33:13  [ nioEventLoopGroup-1-0:14929 ] - [ DEBUG ]  -Dio.netty.recycler.maxCapacity: 262144
2016-12-24 16:33:14  [ nioEventLoopGroup-1-0:14954 ] - [ DEBUG ]  [id: 0x72132d37, /0:0:0:0:0:0:0:1:55044 => /0:0:0:0:0:0:0:1:8888] WebSocket version V13 server handshake
2016-12-24 16:33:14  [ nioEventLoopGroup-1-0:14958 ] - [ DEBUG ]  WebSocket version 13 server handshake key: Csj2f6DgyV5cPLxZgim+gA==, response: CsPK2WDdJDChmfy7hY4D3XNvmeg=
2016-12-24 16:33:19  [ nioEventLoopGroup-1-1:20928 ] - [ DEBUG ]  [id: 0x82c6f216, /0:0:0:0:0:0:0:1:55047 => /0:0:0:0:0:0:0:1:8888] WebSocket version V13 server handshake
2016-12-24 16:33:19  [ nioEventLoopGroup-1-1:20928 ] - [ DEBUG ]  WebSocket version 13 server handshake key: MnBqG+TJQnlIGefbRagVNA==, response: 3zADv/2TVdKLNSzSMgIyJyTBi90=
2016-12-24 16:33:24  [ nioEventLoopGroup-1-0:25147 ] - [ DEBUG ]  Decoding WebSocket Frame opCode=1
2016-12-24 16:33:24  [ nioEventLoopGroup-1-0:25148 ] - [ DEBUG ]  Decoding WebSocket Frame length=40
2016-12-24 16:33:24  [ nioEventLoopGroup-1-0:25151 ] - [ DEBUG ]  messageReceived called!
2016-12-24 16:33:24  [ nioEventLoopGroup-1-0:25153 ] - [ DEBUG ]  msg is :{"op":"login_on","name":"dai","pwd":"1"}
2016-12-24 16:33:25  [ Thread-0:26919 ] - [ INFO ]  Connected to SQLite 3.15.1
2016-12-24 16:33:25  [ Thread-0:26923 ] - [ DEBUG ]  用户不存在!
2016-12-24 16:33:25  [ Thread-0:26923 ] - [ DEBUG ]  send op : login_on_reply
2016-12-24 16:33:25  [ nioEventLoopGroup-1-0:26941 ] - [ DEBUG ]  Encoding WebSocket Frame opCode=1 length=50
2016-12-24 16:33:49  [ nioEventLoopGroup-1-0:50801 ] - [ DEBUG ]  Decoding WebSocket Frame opCode=8
2016-12-24 16:33:49  [ nioEventLoopGroup-1-0:50802 ] - [ DEBUG ]  Decoding WebSocket Frame length=2
2016-12-24 16:33:49  [ nioEventLoopGroup-1-0:50803 ] - [ DEBUG ]  Encoding WebSocket Frame opCode=8 length=2
2016-12-24 16:33:49  [ nioEventLoopGroup-1-0:50804 ] - [ DEBUG ]  有玩家离线!
2016-12-24 16:35:13  [ nioEventLoopGroup-1-0:134585 ] - [ DEBUG ]  [id: 0x444c3490, /0:0:0:0:0:0:0:1:55059 => /0:0:0:0:0:0:0:1:8888] WebSocket version V13 server handshake
2016-12-24 16:35:13  [ nioEventLoopGroup-1-0:134585 ] - [ DEBUG ]  WebSocket version 13 server handshake key: Gpcy5iHS4d1nNtG7nzIq/A==, response: rB3v45DRxWklEHiijK6dEF4dml0=
2016-12-24 16:35:16  [ nioEventLoopGroup-1-0:137305 ] - [ DEBUG ]  Decoding WebSocket Frame opCode=1
2016-12-24 16:35:16  [ nioEventLoopGroup-1-0:137306 ] - [ DEBUG ]  Decoding WebSocket Frame length=40
2016-12-24 16:35:16  [ nioEventLoopGroup-1-0:137306 ] - [ DEBUG ]  messageReceived called!
2016-12-24 16:35:16  [ nioEventLoopGroup-1-0:137306 ] - [ DEBUG ]  msg is :{"op":"login_on","name":"dai","pwd":"1"}
2016-12-24 16:35:16  [ Thread-0:137323 ] - [ DEBUG ]  用户不存在!
2016-12-24 16:35:16  [ Thread-0:137323 ] - [ DEBUG ]  send op : login_on_reply
2016-12-24 16:35:16  [ nioEventLoopGroup-1-0:137323 ] - [ DEBUG ]  Encoding WebSocket Frame opCode=1 length=50
2016-12-24 16:35:32  [ nioEventLoopGroup-1-0:153633 ] - [ DEBUG ]  Decoding WebSocket Frame opCode=8
2016-12-24 16:35:32  [ nioEventLoopGroup-1-0:153634 ] - [ DEBUG ]  Decoding WebSocket Frame length=2
2016-12-24 16:35:32  [ nioEventLoopGroup-1-0:153634 ] - [ DEBUG ]  Encoding WebSocket Frame opCode=8 length=2
2016-12-24 16:35:32  [ nioEventLoopGroup-1-0:153634 ] - [ DEBUG ]  有玩家离线!
2016-12-24 16:35:32  [ nioEventLoopGroup-1-2:153689 ] - [ DEBUG ]  [id: 0x6db7fcda, /0:0:0:0:0:0:0:1:55060 => /0:0:0:0:0:0:0:1:8888] WebSocket version V13 server handshake
2016-12-24 16:35:32  [ nioEventLoopGroup-1-2:153690 ] - [ DEBUG ]  WebSocket version 13 server handshake key: UkTwWgb2lBsPaeXxxyQZ8g==, response: n0KR8exYsaUeGjJW2jGcaJT0WII=
2016-12-24 16:35:35  [ nioEventLoopGroup-1-2:156137 ] - [ DEBUG ]  Decoding WebSocket Frame opCode=1
2016-12-24 16:35:35  [ nioEventLoopGroup-1-2:156138 ] - [ DEBUG ]  Decoding WebSocket Frame length=40
2016-12-24 16:35:35  [ nioEventLoopGroup-1-2:156138 ] - [ DEBUG ]  messageReceived called!
2016-12-24 16:35:35  [ nioEventLoopGroup-1-2:156138 ] - [ DEBUG ]  msg is :{"op":"login_on","name":"dai","pwd":"1"}
2016-12-24 16:35:35  [ Thread-0:156144 ] - [ DEBUG ]  用户不存在!
2016-12-24 16:35:35  [ Thread-0:156144 ] - [ DEBUG ]  send op : login_on_reply
2016-12-24 16:35:35  [ nioEventLoopGroup-1-2:156144 ] - [ DEBUG ]  Encoding WebSocket Frame opCode=1 length=50
2016-12-24 16:35:42  [ nioEventLoopGroup-1-2:163590 ] - [ DEBUG ]  Decoding WebSocket Frame opCode=8
2016-12-24 16:35:42  [ nioEventLoopGroup-1-2:163591 ] - [ DEBUG ]  Decoding WebSocket Frame length=2
2016-12-24 16:35:42  [ nioEventLoopGroup-1-2:163591 ] - [ DEBUG ]  Encoding WebSocket Frame opCode=8 length=2
2016-12-24 16:35:42  [ nioEventLoopGroup-1-2:163591 ] - [ DEBUG ]  有玩家离线!
2016-12-24 16:35:42  [ nioEventLoopGroup-1-1:163638 ] - [ DEBUG ]  [id: 0x9718f430, /0:0:0:0:0:0:0:1:55061 => /0:0:0:0:0:0:0:1:8888] WebSocket version V13 server handshake
2016-12-24 16:35:42  [ nioEventLoopGroup-1-1:163638 ] - [ DEBUG ]  WebSocket version 13 server handshake key: XmHYKxWmYjjdeHraxoCfxQ==, response: nK9B2OcidtUYGxT9F01OVoSeWE4=
2016-12-24 16:35:44  [ nioEventLoopGroup-1-1:165753 ] - [ DEBUG ]  Decoding WebSocket Frame opCode=1
2016-12-24 16:35:44  [ nioEventLoopGroup-1-1:165754 ] - [ DEBUG ]  Decoding WebSocket Frame length=40
2016-12-24 16:35:44  [ nioEventLoopGroup-1-1:165754 ] - [ DEBUG ]  messageReceived called!
2016-12-24 16:35:44  [ nioEventLoopGroup-1-1:165754 ] - [ DEBUG ]  msg is :{"op":"login_on","name":"dai","pwd":"1"}
2016-12-24 16:35:44  [ Thread-0:165768 ] - [ DEBUG ]  用户不存在!
2016-12-24 16:35:44  [ Thread-0:165769 ] - [ DEBUG ]  send op : login_on_reply
2016-12-24 16:35:44  [ nioEventLoopGroup-1-1:165769 ] - [ DEBUG ]  Encoding WebSocket Frame opCode=1 length=50
2016-12-24 16:37:00  [ nioEventLoopGroup-1-0:241463 ] - [ DEBUG ]  Decoding WebSocket Frame opCode=8
2016-12-24 16:37:00  [ nioEventLoopGroup-1-0:241463 ] - [ DEBUG ]  Decoding WebSocket Frame length=2
2016-12-24 16:37:00  [ nioEventLoopGroup-1-0:241463 ] - [ DEBUG ]  Encoding WebSocket Frame opCode=8 length=2
2016-12-24 16:37:00  [ nioEventLoopGroup-1-0:241464 ] - [ DEBUG ]  有玩家离线!
2016-12-24 16:37:00  [ nioEventLoopGroup-1-3:241519 ] - [ DEBUG ]  [id: 0x50ffbeda, /0:0:0:0:0:0:0:1:55073 => /0:0:0:0:0:0:0:1:8888] WebSocket version V13 server handshake
2016-12-24 16:37:00  [ nioEventLoopGroup-1-3:241519 ] - [ DEBUG ]  WebSocket version 13 server handshake key: zfRTL3T7/eehB3tEjyHCig==, response: 8IBtXYj6V4A3tkzMZV3URSRzd/o=
2016-12-24 16:37:09  [ nioEventLoopGroup-1-6:250185 ] - [ DEBUG ]  Decoding WebSocket Frame opCode=1
2016-12-24 16:37:09  [ nioEventLoopGroup-1-6:250185 ] - [ DEBUG ]  Decoding WebSocket Frame length=44
2016-12-24 16:37:09  [ nioEventLoopGroup-1-6:250185 ] - [ DEBUG ]  messageReceived called!
2016-12-24 16:37:09  [ nioEventLoopGroup-1-6:250185 ] - [ DEBUG ]  msg is :{"op":"login_regist","name":"dai","pwd":"1"}
2016-12-24 16:37:09  [ Thread-0:250194 ] - [ DEBUG ]  send op : login_regist_reply
2016-12-24 16:37:09  [ Thread-0:250194 ] - [ DEBUG ]  send op : sys_player_enter
2016-12-24 16:37:09  [ nioEventLoopGroup-1-6:250194 ] - [ DEBUG ]  Encoding WebSocket Frame opCode=1 length=78
2016-12-24 16:37:09  [ nioEventLoopGroup-1-6:250195 ] - [ DEBUG ]  Encoding WebSocket Frame opCode=1 length=76
2016-12-24 16:42:21  [ nioEventLoopGroup-1-8:562885 ] - [ DEBUG ]  Decoding WebSocket Frame opCode=8
2016-12-24 16:42:21  [ nioEventLoopGroup-1-8:562886 ] - [ DEBUG ]  Decoding WebSocket Frame length=2
2016-12-24 16:42:21  [ nioEventLoopGroup-1-8:562886 ] - [ DEBUG ]  Encoding WebSocket Frame opCode=8 length=2
2016-12-24 16:42:21  [ nioEventLoopGroup-1-8:562887 ] - [ DEBUG ]  有玩家离线!
2016-12-24 16:42:21  [ nioEventLoopGroup-1-2:562923 ] - [ DEBUG ]  [id: 0xe1c2c781, /0:0:0:0:0:0:0:1:55097 => /0:0:0:0:0:0:0:1:8888] WebSocket version V13 server handshake
2016-12-24 16:42:21  [ nioEventLoopGroup-1-2:562924 ] - [ DEBUG ]  WebSocket version 13 server handshake key: hTZ4UXZ0FcvYqIDIB13vlA==, response: dwTG3XtNGJ2bAvQkWMgLVVkjQUw=
2016-12-24 16:42:26  [ nioEventLoopGroup-1-2:567510 ] - [ DEBUG ]  Decoding WebSocket Frame opCode=1
2016-12-24 16:42:26  [ nioEventLoopGroup-1-2:567510 ] - [ DEBUG ]  Decoding WebSocket Frame length=40
2016-12-24 16:42:26  [ nioEventLoopGroup-1-2:567511 ] - [ DEBUG ]  messageReceived called!
2016-12-24 16:42:26  [ nioEventLoopGroup-1-2:567511 ] - [ DEBUG ]  msg is :{"op":"login_on","name":"dai","pwd":"1"}
2016-12-24 16:42:26  [ Thread-0:567528 ] - [ DEBUG ]  send op : login_on_reply
2016-12-24 16:42:26  [ Thread-0:567529 ] - [ DEBUG ]  send op : sys_player_enter
2016-12-24 16:42:26  [ nioEventLoopGroup-1-2:567529 ] - [ DEBUG ]  Encoding WebSocket Frame opCode=1 length=74
2016-12-24 16:42:26  [ nioEventLoopGroup-1-2:567529 ] - [ DEBUG ]  Encoding WebSocket Frame opCode=1 length=76
2016-12-24 16:42:31  [ nioEventLoopGroup-1-8:572162 ] - [ DEBUG ]  Decoding WebSocket Frame opCode=8
2016-12-24 16:42:31  [ nioEventLoopGroup-1-8:572163 ] - [ DEBUG ]  Decoding WebSocket Frame length=2
2016-12-24 16:42:31  [ nioEventLoopGroup-1-8:572163 ] - [ DEBUG ]  Encoding WebSocket Frame opCode=8 length=2
2016-12-24 16:42:31  [ nioEventLoopGroup-1-8:572164 ] - [ DEBUG ]  有玩家离线!
2016-12-24 16:42:31  [ nioEventLoopGroup-1-7:572211 ] - [ DEBUG ]  [id: 0x4d5254bd, /0:0:0:0:0:0:0:1:55099 => /0:0:0:0:0:0:0:1:8888] WebSocket version V13 server handshake
2016-12-24 16:42:31  [ nioEventLoopGroup-1-7:572211 ] - [ DEBUG ]  WebSocket version 13 server handshake key: j+ClaIuDm4wwAnSEhm4yGQ==, response: B+wUBZ7W0R7C18CfRZ3mhzO8tdY=
2016-12-24 16:42:33  [ nioEventLoopGroup-1-7:574790 ] - [ DEBUG ]  Decoding WebSocket Frame opCode=1
2016-12-24 16:42:33  [ nioEventLoopGroup-1-7:574790 ] - [ DEBUG ]  Decoding WebSocket Frame length=42
2016-12-24 16:42:33  [ nioEventLoopGroup-1-7:574791 ] - [ DEBUG ]  messageReceived called!
2016-12-24 16:42:33  [ nioEventLoopGroup-1-7:574791 ] - [ DEBUG ]  msg is :{"op":"login_on","name":"zhang","pwd":"1"}
2016-12-24 16:42:33  [ Thread-0:574802 ] - [ DEBUG ]  用户不存在!
2016-12-24 16:42:33  [ Thread-0:574802 ] - [ DEBUG ]  send op : login_on_reply
2016-12-24 16:42:33  [ nioEventLoopGroup-1-7:574802 ] - [ DEBUG ]  Encoding WebSocket Frame opCode=1 length=50
2016-12-24 16:42:39  [ nioEventLoopGroup-1-7:580630 ] - [ DEBUG ]  Decoding WebSocket Frame opCode=1
2016-12-24 16:42:39  [ nioEventLoopGroup-1-7:580630 ] - [ DEBUG ]  Decoding WebSocket Frame length=46
2016-12-24 16:42:39  [ nioEventLoopGroup-1-7:580630 ] - [ DEBUG ]  messageReceived called!
2016-12-24 16:42:39  [ nioEventLoopGroup-1-7:580631 ] - [ DEBUG ]  msg is :{"op":"login_regist","name":"zhang","pwd":"1"}
2016-12-24 16:42:39  [ Thread-0:580649 ] - [ DEBUG ]  send op : login_regist_reply
2016-12-24 16:42:39  [ Thread-0:580649 ] - [ DEBUG ]  send op : sys_player_enter
2016-12-24 16:42:39  [ nioEventLoopGroup-1-7:580649 ] - [ DEBUG ]  Encoding WebSocket Frame opCode=1 length=81
2016-12-24 16:42:39  [ nioEventLoopGroup-1-2:580649 ] - [ DEBUG ]  Encoding WebSocket Frame opCode=1 length=79
2016-12-24 16:42:39  [ Thread-0:580649 ] - [ DEBUG ]  send op : sys_player_enter
2016-12-24 16:42:39  [ Thread-0:580650 ] - [ DEBUG ]  send op : sys_login_ps
2016-12-24 16:42:39  [ nioEventLoopGroup-1-5:580650 ] - [ DEBUG ]  Encoding WebSocket Frame opCode=1 length=79
2016-12-24 16:42:39  [ nioEventLoopGroup-1-2:580650 ] - [ DEBUG ]  Encoding WebSocket Frame opCode=1 length=75
2016-12-24 16:53:30  [ nioEventLoopGroup-1-7:1231400 ] - [ DEBUG ]  Decoding WebSocket Frame opCode=8
2016-12-24 16:53:30  [ nioEventLoopGroup-1-7:1231401 ] - [ DEBUG ]  Decoding WebSocket Frame length=2
2016-12-24 16:53:30  [ nioEventLoopGroup-1-7:1231401 ] - [ DEBUG ]  Encoding WebSocket Frame opCode=8 length=2
2016-12-24 16:53:30  [ nioEventLoopGroup-1-7:1231402 ] - [ DEBUG ]  有玩家离线!
2016-12-24 16:53:30  [ Thread-0:1231407 ] - [ DEBUG ]  send op : sys_player_exit
2016-12-24 16:53:30  [ nioEventLoopGroup-1-3:1231408 ] - [ DEBUG ]  Encoding WebSocket Frame opCode=1 length=31
2016-12-24 16:53:30  [ nioEventLoopGroup-1-9:1231452 ] - [ DEBUG ]  [id: 0x024ed9f0, /0:0:0:0:0:0:0:1:55150 => /0:0:0:0:0:0:0:1:8888] WebSocket version V13 server handshake
2016-12-24 16:53:30  [ nioEventLoopGroup-1-9:1231453 ] - [ DEBUG ]  WebSocket version 13 server handshake key: rCrc09XZim2QJeebQb5KRA==, response: EAmkahaGA0801cjQUf11EtanV6A=
2016-12-24 16:53:33  [ nioEventLoopGroup-1-9:1234233 ] - [ DEBUG ]  Decoding WebSocket Frame opCode=1
2016-12-24 16:53:33  [ nioEventLoopGroup-1-9:1234234 ] - [ DEBUG ]  Decoding WebSocket Frame length=40
2016-12-24 16:53:33  [ nioEventLoopGroup-1-9:1234234 ] - [ DEBUG ]  messageReceived called!
2016-12-24 16:53:33  [ nioEventLoopGroup-1-9:1234234 ] - [ DEBUG ]  msg is :{"op":"login_on","name":"dai","pwd":"1"}
2016-12-24 16:53:33  [ Thread-0:1234252 ] - [ DEBUG ]  send op : login_on_reply
2016-12-24 16:53:33  [ Thread-0:1234253 ] - [ DEBUG ]  send op : sys_player_enter
2016-12-24 16:53:33  [ nioEventLoopGroup-1-9:1234253 ] - [ DEBUG ]  Encoding WebSocket Frame opCode=1 length=74
2016-12-24 16:53:33  [ Thread-0:1234253 ] - [ DEBUG ]  send op : sys_player_enter
2016-12-24 16:53:33  [ nioEventLoopGroup-1-9:1234254 ] - [ DEBUG ]  Encoding WebSocket Frame opCode=1 length=76
2016-12-24 16:53:33  [ nioEventLoopGroup-1-3:1234254 ] - [ DEBUG ]  Encoding WebSocket Frame opCode=1 length=76
2016-12-24 16:53:33  [ Thread-0:1234254 ] - [ DEBUG ]  send op : sys_login_ps
2016-12-24 16:53:33  [ nioEventLoopGroup-1-3:1234255 ] - [ DEBUG ]  Encoding WebSocket Frame opCode=1 length=78
2016-12-24 16:53:49  [ nioEventLoopGroup-1-9:1250032 ] - [ DEBUG ]  Decoding WebSocket Frame opCode=8
2016-12-24 16:53:49  [ nioEventLoopGroup-1-9:1250032 ] - [ DEBUG ]  Decoding WebSocket Frame length=2
2016-12-24 16:53:49  [ nioEventLoopGroup-1-9:1250032 ] - [ DEBUG ]  Encoding WebSocket Frame opCode=8 length=2
2016-12-24 16:53:49  [ nioEventLoopGroup-1-9:1250033 ] - [ DEBUG ]  有玩家离线!
2016-12-24 16:53:49  [ Thread-0:1250041 ] - [ DEBUG ]  send op : sys_player_exit
2016-12-24 16:53:49  [ nioEventLoopGroup-1-3:1250041 ] - [ DEBUG ]  Encoding WebSocket Frame opCode=1 length=31
2016-12-24 16:53:49  [ nioEventLoopGroup-1-10:1250083 ] - [ DEBUG ]  [id: 0x940bd263, /0:0:0:0:0:0:0:1:55152 => /0:0:0:0:0:0:0:1:8888] WebSocket version V13 server handshake
2016-12-24 16:53:49  [ nioEventLoopGroup-1-10:1250084 ] - [ DEBUG ]  WebSocket version 13 server handshake key: FQoRa9JhSHb8mVl/Y3MVDg==, response: 2ElBzaM4PUi7evXMXlQDK6sxqds=
2016-12-24 16:53:52  [ nioEventLoopGroup-1-10:1253641 ] - [ DEBUG ]  Decoding WebSocket Frame opCode=1
2016-12-24 16:53:52  [ nioEventLoopGroup-1-10:1253642 ] - [ DEBUG ]  Decoding WebSocket Frame length=40
2016-12-24 16:53:52  [ nioEventLoopGroup-1-10:1253642 ] - [ DEBUG ]  messageReceived called!
2016-12-24 16:53:52  [ nioEventLoopGroup-1-10:1253642 ] - [ DEBUG ]  msg is :{"op":"login_on","name":"dai","pwd":"1"}
2016-12-24 16:53:52  [ Thread-0:1253652 ] - [ DEBUG ]  send op : login_on_reply
2016-12-24 16:53:52  [ Thread-0:1253653 ] - [ DEBUG ]  send op : sys_player_enter
2016-12-24 16:53:52  [ nioEventLoopGroup-1-10:1253653 ] - [ DEBUG ]  Encoding WebSocket Frame opCode=1 length=74
2016-12-24 16:53:52  [ Thread-0:1253653 ] - [ DEBUG ]  send op : sys_player_enter
2016-12-24 16:53:52  [ nioEventLoopGroup-1-10:1253653 ] - [ DEBUG ]  Encoding WebSocket Frame opCode=1 length=76
2016-12-24 16:53:52  [ nioEventLoopGroup-1-3:1253654 ] - [ DEBUG ]  Encoding WebSocket Frame opCode=1 length=76
2016-12-24 16:53:52  [ Thread-0:1253654 ] - [ DEBUG ]  send op : sys_login_ps
2016-12-24 16:53:52  [ nioEventLoopGroup-1-3:1253654 ] - [ DEBUG ]  Encoding WebSocket Frame opCode=1 length=78
2016-12-24 16:53:53  [ nioEventLoopGroup-1-10:1254889 ] - [ DEBUG ]  Decoding WebSocket Frame opCode=1
2016-12-24 16:53:53  [ nioEventLoopGroup-1-10:1254890 ] - [ DEBUG ]  Decoding WebSocket Frame length=49
2016-12-24 16:53:53  [ nioEventLoopGroup-1-10:1254890 ] - [ DEBUG ]  messageReceived called!
2016-12-24 16:53:53  [ nioEventLoopGroup-1-10:1254890 ] - [ DEBUG ]  msg is :{"op":"move_start","dir":6,"gx":38,"gy":7,"id":1}
2016-12-24 16:53:54  [ nioEventLoopGroup-1-10:1255354 ] - [ DEBUG ]  Decoding WebSocket Frame opCode=1
2016-12-24 16:53:54  [ nioEventLoopGroup-1-10:1255354 ] - [ DEBUG ]  Decoding WebSocket Frame length=24
2016-12-24 16:53:54  [ nioEventLoopGroup-1-10:1255354 ] - [ DEBUG ]  messageReceived called!
2016-12-24 16:53:54  [ nioEventLoopGroup-1-10:1255355 ] - [ DEBUG ]  msg is :{"op":"move_end","id":1}
2016-12-24 16:53:55  [ nioEventLoopGroup-1-10:1256913 ] - [ DEBUG ]  Decoding WebSocket Frame opCode=1
2016-12-24 16:53:55  [ nioEventLoopGroup-1-10:1256913 ] - [ DEBUG ]  Decoding WebSocket Frame length=49
2016-12-24 16:53:55  [ nioEventLoopGroup-1-10:1256914 ] - [ DEBUG ]  messageReceived called!
2016-12-24 16:53:55  [ nioEventLoopGroup-1-10:1256914 ] - [ DEBUG ]  msg is :{"op":"move_start","dir":1,"gx":38,"gy":7,"id":1}
2016-12-24 16:53:56  [ nioEventLoopGroup-1-10:1257049 ] - [ DEBUG ]  Decoding WebSocket Frame opCode=1
2016-12-24 16:53:56  [ nioEventLoopGroup-1-10:1257049 ] - [ DEBUG ]  Decoding WebSocket Frame length=24
2016-12-24 16:53:56  [ nioEventLoopGroup-1-10:1257049 ] - [ DEBUG ]  messageReceived called!
2016-12-24 16:53:56  [ nioEventLoopGroup-1-10:1257049 ] - [ DEBUG ]  msg is :{"op":"move_end","id":1}
2016-12-24 16:53:56  [ nioEventLoopGroup-1-12:1257778 ] - [ DEBUG ]  Decoding WebSocket Frame opCode=1
2016-12-24 16:53:56  [ nioEventLoopGroup-1-12:1257778 ] - [ DEBUG ]  Decoding WebSocket Frame length=49
2016-12-24 16:53:56  [ nioEventLoopGroup-1-12:1257778 ] - [ DEBUG ]  messageReceived called!
2016-12-24 16:53:56  [ nioEventLoopGroup-1-12:1257778 ] - [ DEBUG ]  msg is :{"op":"move_start","dir":4,"gx":38,"gy":7,"id":1}
2016-12-24 16:53:56  [ nioEventLoopGroup-1-12:1257857 ] - [ DEBUG ]  Decoding WebSocket Frame opCode=1
2016-12-24 16:53:56  [ nioEventLoopGroup-1-12:1257857 ] - [ DEBUG ]  Decoding WebSocket Frame length=24
2016-12-24 16:53:56  [ nioEventLoopGroup-1-12:1257857 ] - [ DEBUG ]  messageReceived called!
2016-12-24 16:53:56  [ nioEventLoopGroup-1-12:1257857 ] - [ DEBUG ]  msg is :{"op":"move_end","id":1}
2016-12-24 16:53:58  [ nioEventLoopGroup-1-12:1258954 ] - [ DEBUG ]  Decoding WebSocket Frame opCode=1
2016-12-24 16:53:58  [ nioEventLoopGroup-1-12:1258954 ] - [ DEBUG ]  Decoding WebSocket Frame length=49
2016-12-24 16:53:58  [ nioEventLoopGroup-1-12:1258955 ] - [ DEBUG ]  messageReceived called!
2016-12-24 16:53:58  [ nioEventLoopGroup-1-12:1258955 ] - [ DEBUG ]  msg is :{"op":"move_start","dir":3,"gx":38,"gy":7,"id":1}
2016-12-24 16:53:58  [ nioEventLoopGroup-1-12:1259057 ] - [ DEBUG ]  Decoding WebSocket Frame opCode=1
2016-12-24 16:53:58  [ nioEventLoopGroup-1-12:1259057 ] - [ DEBUG ]  Decoding WebSocket Frame length=24
2016-12-24 16:53:58  [ nioEventLoopGroup-1-12:1259057 ] - [ DEBUG ]  messageReceived called!
2016-12-24 16:53:58  [ nioEventLoopGroup-1-12:1259058 ] - [ DEBUG ]  msg is :{"op":"move_end","id":1}
2016-12-24 16:53:58  [ nioEventLoopGroup-1-12:1259673 ] - [ DEBUG ]  Decoding WebSocket Frame opCode=1
2016-12-24 16:53:58  [ nioEventLoopGroup-1-12:1259673 ] - [ DEBUG ]  Decoding WebSocket Frame length=49
2016-12-24 16:53:58  [ nioEventLoopGroup-1-12:1259674 ] - [ DEBUG ]  messageReceived called!
2016-12-24 16:53:58  [ nioEventLoopGroup-1-12:1259674 ] - [ DEBUG ]  msg is :{"op":"move_start","dir":7,"gx":38,"gy":7,"id":1}
2016-12-24 16:53:58  [ nioEventLoopGroup-1-12:1259785 ] - [ DEBUG ]  Decoding WebSocket Frame opCode=1
2016-12-24 16:53:58  [ nioEventLoopGroup-1-12:1259785 ] - [ DEBUG ]  Decoding WebSocket Frame length=24
2016-12-24 16:53:58  [ nioEventLoopGroup-1-12:1259785 ] - [ DEBUG ]  messageReceived called!
2016-12-24 16:53:58  [ nioEventLoopGroup-1-12:1259786 ] - [ DEBUG ]  msg is :{"op":"move_end","id":1}
2016-12-24 16:53:59  [ nioEventLoopGroup-1-12:1260433 ] - [ DEBUG ]  Decoding WebSocket Frame opCode=1
2016-12-24 16:53:59  [ nioEventLoopGroup-1-12:1260433 ] - [ DEBUG ]  Decoding WebSocket Frame length=49
2016-12-24 16:53:59  [ nioEventLoopGroup-1-12:1260434 ] - [ DEBUG ]  messageReceived called!
2016-12-24 16:53:59  [ nioEventLoopGroup-1-12:1260434 ] - [ DEBUG ]  msg is :{"op":"move_start","dir":8,"gx":38,"gy":7,"id":1}
2016-12-24 16:53:59  [ nioEventLoopGroup-1-12:1260513 ] - [ DEBUG ]  Decoding WebSocket Frame opCode=1
2016-12-24 16:53:59  [ nioEventLoopGroup-1-12:1260513 ] - [ DEBUG ]  Decoding WebSocket Frame length=24
2016-12-24 16:53:59  [ nioEventLoopGroup-1-12:1260513 ] - [ DEBUG ]  messageReceived called!
2016-12-24 16:53:59  [ nioEventLoopGroup-1-12:1260513 ] - [ DEBUG ]  msg is :{"op":"move_end","id":1}
2016-12-24 16:53:59  [ nioEventLoopGroup-1-12:1260929 ] - [ DEBUG ]  Decoding WebSocket Frame opCode=1
2016-12-24 16:53:59  [ nioEventLoopGroup-1-12:1260929 ] - [ DEBUG ]  Decoding WebSocket Frame length=49
2016-12-24 16:53:59  [ nioEventLoopGroup-1-12:1260930 ] - [ DEBUG ]  messageReceived called!
2016-12-24 16:53:59  [ nioEventLoopGroup-1-12:1260930 ] - [ DEBUG ]  msg is :{"op":"move_start","dir":3,"gx":38,"gy":7,"id":1}
2016-12-24 16:54:00  [ nioEventLoopGroup-1-12:1261057 ] - [ DEBUG ]  Decoding WebSocket Frame opCode=1
2016-12-24 16:54:00  [ nioEventLoopGroup-1-12:1261057 ] - [ DEBUG ]  Decoding WebSocket Frame length=24
2016-12-24 16:54:00  [ nioEventLoopGroup-1-12:1261057 ] - [ DEBUG ]  messageReceived called!
2016-12-24 16:54:00  [ nioEventLoopGroup-1-12:1261057 ] - [ DEBUG ]  msg is :{"op":"move_end","id":1}
2016-12-24 16:54:00  [ nioEventLoopGroup-1-12:1261689 ] - [ DEBUG ]  Decoding WebSocket Frame opCode=1
2016-12-24 16:54:00  [ nioEventLoopGroup-1-12:1261689 ] - [ DEBUG ]  Decoding WebSocket Frame length=49
2016-12-24 16:54:00  [ nioEventLoopGroup-1-12:1261690 ] - [ DEBUG ]  messageReceived called!
2016-12-24 16:54:00  [ nioEventLoopGroup-1-12:1261690 ] - [ DEBUG ]  msg is :{"op":"move_start","dir":5,"gx":38,"gy":7,"id":1}
2016-12-24 16:54:00  [ nioEventLoopGroup-1-12:1261793 ] - [ DEBUG ]  Decoding WebSocket Frame opCode=1
2016-12-24 16:54:00  [ nioEventLoopGroup-1-12:1261793 ] - [ DEBUG ]  Decoding WebSocket Frame length=24
2016-12-24 16:54:00  [ nioEventLoopGroup-1-12:1261793 ] - [ DEBUG ]  messageReceived called!
2016-12-24 16:54:00  [ nioEventLoopGroup-1-12:1261793 ] - [ DEBUG ]  msg is :{"op":"move_end","id":1}
2016-12-24 16:54:01  [ nioEventLoopGroup-1-12:1262377 ] - [ DEBUG ]  Decoding WebSocket Frame opCode=1
2016-12-24 16:54:01  [ nioEventLoopGroup-1-12:1262377 ] - [ DEBUG ]  Decoding WebSocket Frame length=49
2016-12-24 16:54:01  [ nioEventLoopGroup-1-12:1262378 ] - [ DEBUG ]  messageReceived called!
2016-12-24 16:54:01  [ nioEventLoopGroup-1-12:1262378 ] - [ DEBUG ]  msg is :{"op":"move_start","dir":8,"gx":38,"gy":7,"id":1}
2016-12-24 16:54:01  [ nioEventLoopGroup-1-12:1262464 ] - [ DEBUG ]  Decoding WebSocket Frame opCode=1
2016-12-24 16:54:01  [ nioEventLoopGroup-1-12:1262465 ] - [ DEBUG ]  Decoding WebSocket Frame length=24
2016-12-24 16:54:01  [ nioEventLoopGroup-1-12:1262465 ] - [ DEBUG ]  messageReceived called!
2016-12-24 16:54:01  [ nioEventLoopGroup-1-12:1262465 ] - [ DEBUG ]  msg is :{"op":"move_end","id":1}
2016-12-24 16:54:02  [ nioEventLoopGroup-1-12:1262985 ] - [ DEBUG ]  Decoding WebSocket Frame opCode=1
2016-12-24 16:54:02  [ nioEventLoopGroup-1-12:1262985 ] - [ DEBUG ]  Decoding WebSocket Frame length=49
2016-12-24 16:54:02  [ nioEventLoopGroup-1-12:1262986 ] - [ DEBUG ]  messageReceived called!
2016-12-24 16:54:02  [ nioEventLoopGroup-1-12:1262986 ] - [ DEBUG ]  msg is :{"op":"move_start","dir":2,"gx":38,"gy":7,"id":1}
2016-12-24 16:54:02  [ nioEventLoopGroup-1-12:1263080 ] - [ DEBUG ]  Decoding WebSocket Frame opCode=1
2016-12-24 16:54:02  [ nioEventLoopGroup-1-12:1263081 ] - [ DEBUG ]  Decoding WebSocket Frame length=24
2016-12-24 16:54:02  [ nioEventLoopGroup-1-12:1263081 ] - [ DEBUG ]  messageReceived called!
2016-12-24 16:54:02  [ nioEventLoopGroup-1-12:1263081 ] - [ DEBUG ]  msg is :{"op":"move_end","id":1}
2016-12-24 16:54:04  [ nioEventLoopGroup-1-12:1265324 ] - [ DEBUG ]  Decoding WebSocket Frame opCode=8
2016-12-24 16:54:04  [ nioEventLoopGroup-1-12:1265324 ] - [ DEBUG ]  Decoding WebSocket Frame length=2
2016-12-24 16:54:04  [ nioEventLoopGroup-1-12:1265325 ] - [ DEBUG ]  Encoding WebSocket Frame opCode=8 length=2
2016-12-24 16:54:04  [ nioEventLoopGroup-1-12:1265325 ] - [ DEBUG ]  有玩家离线!
2016-12-24 16:54:04  [ Thread-0:1265336 ] - [ DEBUG ]  send op : sys_player_exit
2016-12-24 16:54:04  [ nioEventLoopGroup-1-3:1265337 ] - [ DEBUG ]  Encoding WebSocket Frame opCode=1 length=31
2016-12-24 16:54:04  [ nioEventLoopGroup-1-8:1265375 ] - [ DEBUG ]  [id: 0x4d1cd6a4, /0:0:0:0:0:0:0:1:55154 => /0:0:0:0:0:0:0:1:8888] WebSocket version V13 server handshake
2016-12-24 16:54:04  [ nioEventLoopGroup-1-8:1265375 ] - [ DEBUG ]  WebSocket version 13 server handshake key: RyRYhHm7nKz8Whb7dxgU0A==, response: qUptusrU0zbcGUl67yN4FG/hzwg=
2016-12-24 16:56:18  [ main:0 ] - [ DEBUG ]  Using SLF4J as the default logging framework
2016-12-24 16:56:18  [ main:8 ] - [ DEBUG ]  -Dio.netty.eventLoopThreads: 16
2016-12-24 16:56:18  [ main:45 ] - [ DEBUG ]  java.nio.Buffer.address: available
2016-12-24 16:56:18  [ main:47 ] - [ DEBUG ]  sun.misc.Unsafe.theUnsafe: available
2016-12-24 16:56:18  [ main:48 ] - [ DEBUG ]  sun.misc.Unsafe.copyMemory: available
2016-12-24 16:56:18  [ main:48 ] - [ DEBUG ]  java.nio.Bits.unaligned: true
2016-12-24 16:56:18  [ main:49 ] - [ DEBUG ]  Java version: 8
2016-12-24 16:56:18  [ main:49 ] - [ DEBUG ]  -Dio.netty.noUnsafe: false
2016-12-24 16:56:18  [ main:49 ] - [ DEBUG ]  sun.misc.Unsafe: available
2016-12-24 16:56:18  [ main:50 ] - [ DEBUG ]  -Dio.netty.noJavassist: false
2016-12-24 16:56:18  [ main:51 ] - [ DEBUG ]  Javassist: unavailable
2016-12-24 16:56:18  [ main:51 ] - [ DEBUG ]  You don't have Javassist in your class path or you don't have enough permission to load dynamically generated classes.  Please check the configuration for better performance.
2016-12-24 16:56:18  [ main:51 ] - [ DEBUG ]  -Dio.netty.tmpdir: /var/folders/rj/j9h_c0cx6pxf1mhj6tnf60qw0000gn/T (java.io.tmpdir)
2016-12-24 16:56:18  [ main:52 ] - [ DEBUG ]  -Dio.netty.bitMode: 64 (sun.arch.data.model)
2016-12-24 16:56:18  [ main:52 ] - [ DEBUG ]  -Dio.netty.noPreferDirect: false
2016-12-24 16:56:18  [ main:53 ] - [ DEBUG ]  -Dio.netty.noKeySetOptimization: false
2016-12-24 16:56:18  [ main:55 ] - [ DEBUG ]  -Dio.netty.selectorAutoRebuildThreshold: 512
2016-12-24 16:56:18  [ main:95 ] - [ DEBUG ]  -Dio.netty.processId: 3819 (auto-detected)
2016-12-24 16:56:18  [ main:98 ] - [ DEBUG ]  -Dio.netty.machineId: d4:3d:7e:ff:fe:55:e2:37 (auto-detected)
2016-12-24 16:56:18  [ main:100 ] - [ DEBUG ]  -Dio.netty.initialSeedUniquifier: 0xce899789f40f1fa9 (took 11 ms)
2016-12-24 16:56:18  [ main:133 ] - [ DEBUG ]  -Dio.netty.allocator.numHeapArenas: 8
2016-12-24 16:56:18  [ main:134 ] - [ DEBUG ]  -Dio.netty.allocator.numDirectArenas: 8
2016-12-24 16:56:18  [ main:134 ] - [ DEBUG ]  -Dio.netty.allocator.pageSize: 8192
2016-12-24 16:56:18  [ main:134 ] - [ DEBUG ]  -Dio.netty.allocator.maxOrder: 11
2016-12-24 16:56:18  [ main:134 ] - [ DEBUG ]  -Dio.netty.allocator.chunkSize: 16777216
2016-12-24 16:56:18  [ main:135 ] - [ DEBUG ]  -Dio.netty.allocator.tinyCacheSize: 512
2016-12-24 16:56:18  [ main:135 ] - [ DEBUG ]  -Dio.netty.allocator.smallCacheSize: 256
2016-12-24 16:56:18  [ main:135 ] - [ DEBUG ]  -Dio.netty.allocator.normalCacheSize: 64
2016-12-24 16:56:18  [ main:136 ] - [ DEBUG ]  -Dio.netty.allocator.maxCachedBufferCapacity: 32768
2016-12-24 16:56:18  [ main:136 ] - [ DEBUG ]  -Dio.netty.allocator.cacheTrimInterval: 8192
2016-12-24 16:56:18  [ main:141 ] - [ DEBUG ]  -Dio.netty.allocator.type: pooled
2016-12-24 16:56:18  [ main:141 ] - [ DEBUG ]  -Dio.netty.threadLocalDirectBufferSize: 65536
2016-12-24 16:56:18  [ main:143 ] - [ DEBUG ]  Loopback interface: lo0 (lo0, 0:0:0:0:0:0:0:1)
2016-12-24 16:56:18  [ main:143 ] - [ DEBUG ]  /proc/sys/net/core/somaxconn: 128 (non-existent)
2016-12-24 16:56:18  [ main:158 ] - [ INFO ]  server start at port 8888
2016-12-24 16:56:18  [ main:159 ] - [ INFO ]  游戏逻辑线程启动......
2016-12-24 16:56:32  [ nioEventLoopGroup-1-0:14117 ] - [ DEBUG ]  -Dio.netty.leakDetectionLevel: simple
2016-12-24 16:56:32  [ nioEventLoopGroup-1-0:14161 ] - [ DEBUG ]  -Dio.netty.recycler.maxCapacity: 262144
2016-12-24 16:56:32  [ nioEventLoopGroup-1-0:14185 ] - [ DEBUG ]  [id: 0xa374b62f, /0:0:0:0:0:0:0:1:55171 => /0:0:0:0:0:0:0:1:8888] WebSocket version V13 server handshake
2016-12-24 16:56:32  [ nioEventLoopGroup-1-0:14190 ] - [ DEBUG ]  WebSocket version 13 server handshake key: TnU7qChRbTgv7yY6w230eA==, response: ysLfi711pWuS/bmIJmNwrPkavYU=
2016-12-24 16:56:35  [ nioEventLoopGroup-1-0:16913 ] - [ DEBUG ]  Decoding WebSocket Frame opCode=1
2016-12-24 16:56:35  [ nioEventLoopGroup-1-0:16913 ] - [ DEBUG ]  Decoding WebSocket Frame length=40
2016-12-24 16:56:35  [ nioEventLoopGroup-1-0:16916 ] - [ DEBUG ]  messageReceived called!
2016-12-24 16:56:35  [ nioEventLoopGroup-1-0:16918 ] - [ DEBUG ]  msg is :{"op":"login_on","name":"dai","pwd":"1"}
2016-12-24 16:56:35  [ Thread-0:17066 ] - [ INFO ]  Connected to SQLite 3.15.1
2016-12-24 16:56:35  [ Thread-0:17072 ] - [ DEBUG ]  send op : login_on_reply
2016-12-24 16:56:35  [ Thread-0:17074 ] - [ DEBUG ]  send op : sys_player_enter
2016-12-24 16:56:35  [ nioEventLoopGroup-1-0:17076 ] - [ DEBUG ]  Encoding WebSocket Frame opCode=1 length=74
2016-12-24 16:56:35  [ nioEventLoopGroup-1-0:17076 ] - [ DEBUG ]  Encoding WebSocket Frame opCode=1 length=76
2016-12-24 16:56:36  [ nioEventLoopGroup-1-0:18370 ] - [ DEBUG ]  Decoding WebSocket Frame opCode=1
2016-12-24 16:56:36  [ nioEventLoopGroup-1-0:18371 ] - [ DEBUG ]  Decoding WebSocket Frame length=49
2016-12-24 16:56:36  [ nioEventLoopGroup-1-0:18371 ] - [ DEBUG ]  messageReceived called!
2016-12-24 16:56:36  [ nioEventLoopGroup-1-0:18371 ] - [ DEBUG ]  msg is :{"op":"move_start","dir":3,"gx":38,"gy":7,"id":1}
2016-12-24 16:56:37  [ nioEventLoopGroup-1-0:18520 ] - [ DEBUG ]  Decoding WebSocket Frame opCode=1
2016-12-24 16:56:37  [ nioEventLoopGroup-1-0:18520 ] - [ DEBUG ]  Decoding WebSocket Frame length=24
2016-12-24 16:56:37  [ nioEventLoopGroup-1-0:18521 ] - [ DEBUG ]  messageReceived called!
2016-12-24 16:56:37  [ nioEventLoopGroup-1-0:18521 ] - [ DEBUG ]  msg is :{"op":"move_end","id":1}
2016-12-24 16:56:37  [ nioEventLoopGroup-1-0:19048 ] - [ DEBUG ]  Decoding WebSocket Frame opCode=1
2016-12-24 16:56:37  [ nioEventLoopGroup-1-0:19048 ] - [ DEBUG ]  Decoding WebSocket Frame length=49
2016-12-24 16:56:37  [ nioEventLoopGroup-1-0:19049 ] - [ DEBUG ]  messageReceived called!
2016-12-24 16:56:37  [ nioEventLoopGroup-1-0:19049 ] - [ DEBUG ]  msg is :{"op":"move_start","dir":6,"gx":38,"gy":7,"id":1}
2016-12-24 16:56:37  [ nioEventLoopGroup-1-0:19136 ] - [ DEBUG ]  Decoding WebSocket Frame opCode=1
2016-12-24 16:56:37  [ nioEventLoopGroup-1-0:19137 ] - [ DEBUG ]  Decoding WebSocket Frame length=24
2016-12-24 16:56:37  [ nioEventLoopGroup-1-0:19137 ] - [ DEBUG ]  messageReceived called!
2016-12-24 16:56:37  [ nioEventLoopGroup-1-0:19137 ] - [ DEBUG ]  msg is :{"op":"move_end","id":1}
2016-12-24 16:56:38  [ nioEventLoopGroup-1-0:19512 ] - [ DEBUG ]  Decoding WebSocket Frame opCode=1
2016-12-24 16:56:38  [ nioEventLoopGroup-1-0:19512 ] - [ DEBUG ]  Decoding WebSocket Frame length=49
2016-12-24 16:56:38  [ nioEventLoopGroup-1-0:19512 ] - [ DEBUG ]  messageReceived called!
2016-12-24 16:56:38  [ nioEventLoopGroup-1-0:19512 ] - [ DEBUG ]  msg is :{"op":"move_start","dir":8,"gx":38,"gy":7,"id":1}
2016-12-24 16:56:38  [ nioEventLoopGroup-1-0:19632 ] - [ DEBUG ]  Decoding WebSocket Frame opCode=1
2016-12-24 16:56:38  [ nioEventLoopGroup-1-0:19632 ] - [ DEBUG ]  Decoding WebSocket Frame length=24
2016-12-24 16:56:38  [ nioEventLoopGroup-1-0:19632 ] - [ DEBUG ]  messageReceived called!
2016-12-24 16:56:38  [ nioEventLoopGroup-1-0:19632 ] - [ DEBUG ]  msg is :{"op":"move_end","id":1}
2016-12-24 16:56:38  [ nioEventLoopGroup-1-0:19863 ] - [ DEBUG ]  Decoding WebSocket Frame opCode=1
2016-12-24 16:56:38  [ nioEventLoopGroup-1-0:19864 ] - [ DEBUG ]  Decoding WebSocket Frame length=49
2016-12-24 16:56:38  [ nioEventLoopGroup-1-0:19864 ] - [ DEBUG ]  messageReceived called!
2016-12-24 16:56:38  [ nioEventLoopGroup-1-0:19864 ] - [ DEBUG ]  msg is :{"op":"move_start","dir":4,"gx":38,"gy":7,"id":1}
2016-12-24 16:56:38  [ nioEventLoopGroup-1-0:19975 ] - [ DEBUG ]  Decoding WebSocket Frame opCode=1
2016-12-24 16:56:38  [ nioEventLoopGroup-1-0:19976 ] - [ DEBUG ]  Decoding WebSocket Frame length=24
2016-12-24 16:56:38  [ nioEventLoopGroup-1-0:19976 ] - [ DEBUG ]  messageReceived called!
2016-12-24 16:56:38  [ nioEventLoopGroup-1-0:19976 ] - [ DEBUG ]  msg is :{"op":"move_end","id":1}
2016-12-24 16:56:38  [ nioEventLoopGroup-1-0:20199 ] - [ DEBUG ]  Decoding WebSocket Frame opCode=1
2016-12-24 16:56:38  [ nioEventLoopGroup-1-0:20200 ] - [ DEBUG ]  Decoding WebSocket Frame length=49
2016-12-24 16:56:38  [ nioEventLoopGroup-1-0:20200 ] - [ DEBUG ]  messageReceived called!
2016-12-24 16:56:38  [ nioEventLoopGroup-1-0:20201 ] - [ DEBUG ]  msg is :{"op":"move_start","dir":4,"gx":38,"gy":7,"id":1}
2016-12-24 16:56:38  [ nioEventLoopGroup-1-0:20311 ] - [ DEBUG ]  Decoding WebSocket Frame opCode=1
2016-12-24 16:56:38  [ nioEventLoopGroup-1-0:20312 ] - [ DEBUG ]  Decoding WebSocket Frame length=24
2016-12-24 16:56:38  [ nioEventLoopGroup-1-0:20312 ] - [ DEBUG ]  messageReceived called!
2016-12-24 16:56:38  [ nioEventLoopGroup-1-0:20312 ] - [ DEBUG ]  msg is :{"op":"move_end","id":1}
2016-12-24 16:56:39  [ nioEventLoopGroup-1-0:20575 ] - [ DEBUG ]  Decoding WebSocket Frame opCode=1
2016-12-24 16:56:39  [ nioEventLoopGroup-1-0:20576 ] - [ DEBUG ]  Decoding WebSocket Frame length=49
2016-12-24 16:56:39  [ nioEventLoopGroup-1-0:20576 ] - [ DEBUG ]  messageReceived called!
2016-12-24 16:56:39  [ nioEventLoopGroup-1-0:20576 ] - [ DEBUG ]  msg is :{"op":"move_start","dir":5,"gx":38,"gy":7,"id":1}
2016-12-24 16:56:39  [ nioEventLoopGroup-1-1:20704 ] - [ DEBUG ]  Decoding WebSocket Frame opCode=1
2016-12-24 16:56:39  [ nioEventLoopGroup-1-1:20705 ] - [ DEBUG ]  Decoding WebSocket Frame length=24
2016-12-24 16:56:39  [ nioEventLoopGroup-1-1:20705 ] - [ DEBUG ]  messageReceived called!
2016-12-24 16:56:39  [ nioEventLoopGroup-1-1:20705 ] - [ DEBUG ]  msg is :{"op":"move_end","id":1}
2016-12-24 16:56:39  [ nioEventLoopGroup-1-1:20953 ] - [ DEBUG ]  Decoding WebSocket Frame opCode=1
2016-12-24 16:56:39  [ nioEventLoopGroup-1-1:20954 ] - [ DEBUG ]  Decoding WebSocket Frame length=49
2016-12-24 16:56:39  [ nioEventLoopGroup-1-1:20954 ] - [ DEBUG ]  messageReceived called!
2016-12-24 16:56:39  [ nioEventLoopGroup-1-1:20954 ] - [ DEBUG ]  msg is :{"op":"move_start","dir":6,"gx":38,"gy":7,"id":1}
2016-12-24 16:56:39  [ nioEventLoopGroup-1-1:21055 ] - [ DEBUG ]  Decoding WebSocket Frame opCode=1
2016-12-24 16:56:39  [ nioEventLoopGroup-1-1:21056 ] - [ DEBUG ]  Decoding WebSocket Frame length=24
2016-12-24 16:56:39  [ nioEventLoopGroup-1-1:21056 ] - [ DEBUG ]  messageReceived called!
2016-12-24 16:56:39  [ nioEventLoopGroup-1-1:21056 ] - [ DEBUG ]  msg is :{"op":"move_end","id":1}
2016-12-24 16:56:39  [ nioEventLoopGroup-1-1:21264 ] - [ DEBUG ]  Decoding WebSocket Frame opCode=1
2016-12-24 16:56:39  [ nioEventLoopGroup-1-1:21264 ] - [ DEBUG ]  Decoding WebSocket Frame length=49
2016-12-24 16:56:39  [ nioEventLoopGroup-1-1:21264 ] - [ DEBUG ]  messageReceived called!
2016-12-24 16:56:39  [ nioEventLoopGroup-1-1:21265 ] - [ DEBUG ]  msg is :{"op":"move_start","dir":6,"gx":38,"gy":7,"id":1}
2016-12-24 16:56:39  [ nioEventLoopGroup-1-1:21327 ] - [ DEBUG ]  Decoding WebSocket Frame opCode=1
2016-12-24 16:56:39  [ nioEventLoopGroup-1-1:21328 ] - [ DEBUG ]  Decoding WebSocket Frame length=24
2016-12-24 16:56:39  [ nioEventLoopGroup-1-1:21328 ] - [ DEBUG ]  messageReceived called!
2016-12-24 16:56:39  [ nioEventLoopGroup-1-1:21328 ] - [ DEBUG ]  msg is :{"op":"move_end","id":1}
2016-12-24 16:56:40  [ nioEventLoopGroup-1-1:21537 ] - [ DEBUG ]  Decoding WebSocket Frame opCode=1
2016-12-24 16:56:40  [ nioEventLoopGroup-1-1:21537 ] - [ DEBUG ]  Decoding WebSocket Frame length=49
2016-12-24 16:56:40  [ nioEventLoopGroup-1-1:21538 ] - [ DEBUG ]  messageReceived called!
2016-12-24 16:56:40  [ nioEventLoopGroup-1-1:21538 ] - [ DEBUG ]  msg is :{"op":"move_start","dir":8,"gx":38,"gy":7,"id":1}
2016-12-24 16:56:40  [ nioEventLoopGroup-1-1:21631 ] - [ DEBUG ]  Decoding WebSocket Frame opCode=1
2016-12-24 16:56:40  [ nioEventLoopGroup-1-1:21631 ] - [ DEBUG ]  Decoding WebSocket Frame length=24
2016-12-24 16:56:40  [ nioEventLoopGroup-1-1:21632 ] - [ DEBUG ]  messageReceived called!
2016-12-24 16:56:40  [ nioEventLoopGroup-1-1:21632 ] - [ DEBUG ]  msg is :{"op":"move_end","id":1}
2016-12-24 16:56:40  [ nioEventLoopGroup-1-1:21784 ] - [ DEBUG ]  Decoding WebSocket Frame opCode=1
2016-12-24 16:56:40  [ nioEventLoopGroup-1-1:21784 ] - [ DEBUG ]  Decoding WebSocket Frame length=49
2016-12-24 16:56:40  [ nioEventLoopGroup-1-1:21784 ] - [ DEBUG ]  messageReceived called!
2016-12-24 16:56:40  [ nioEventLoopGroup-1-1:21785 ] - [ DEBUG ]  msg is :{"op":"move_start","dir":4,"gx":38,"gy":7,"id":1}
2016-12-24 16:56:40  [ nioEventLoopGroup-1-1:21871 ] - [ DEBUG ]  Decoding WebSocket Frame opCode=1
2016-12-24 16:56:40  [ nioEventLoopGroup-1-1:21872 ] - [ DEBUG ]  Decoding WebSocket Frame length=24
2016-12-24 16:56:40  [ nioEventLoopGroup-1-1:21872 ] - [ DEBUG ]  messageReceived called!
2016-12-24 16:56:40  [ nioEventLoopGroup-1-1:21872 ] - [ DEBUG ]  msg is :{"op":"move_end","id":1}
2016-12-24 16:56:47  [ nioEventLoopGroup-1-1:29078 ] - [ DEBUG ]  Decoding WebSocket Frame opCode=8
2016-12-24 16:56:47  [ nioEventLoopGroup-1-1:29078 ] - [ DEBUG ]  Decoding WebSocket Frame length=2
2016-12-24 16:56:47  [ nioEventLoopGroup-1-1:29079 ] - [ DEBUG ]  Encoding WebSocket Frame opCode=8 length=2
2016-12-24 16:56:47  [ nioEventLoopGroup-1-1:29081 ] - [ DEBUG ]  有玩家离线!
2016-12-24 16:56:47  [ Thread-0:29087 ] - [ DEBUG ]  在线玩家数量:0
2016-12-24 16:56:47  [ nioEventLoopGroup-1-0:29126 ] - [ DEBUG ]  [id: 0xe255289d, /0:0:0:0:0:0:0:1:55174 => /0:0:0:0:0:0:0:1:8888] WebSocket version V13 server handshake
2016-12-24 16:56:47  [ nioEventLoopGroup-1-0:29126 ] - [ DEBUG ]  WebSocket version 13 server handshake key: af2pMsbmpkI4uDvh8E+MiQ==, response: LEvQS+0nEjV2+vHKz/DsWxveYk4=
2016-12-24 16:56:50  [ nioEventLoopGroup-1-2:31803 ] - [ DEBUG ]  [id: 0x93987ba8, /0:0:0:0:0:0:0:1:55176 => /0:0:0:0:0:0:0:1:8888] WebSocket version V13 server handshake
2016-12-24 16:56:50  [ nioEventLoopGroup-1-2:31803 ] - [ DEBUG ]  WebSocket version 13 server handshake key: as03E79dpl5CmRtgt6HV+g==, response: QD05bPnQwNhFQ+Q/Tgelqcevkd8=
2016-12-24 16:58:56  [ nioEventLoopGroup-1-1:157597 ] - [ DEBUG ]  Decoding WebSocket Frame opCode=8
2016-12-24 16:58:56  [ nioEventLoopGroup-1-1:157597 ] - [ DEBUG ]  Decoding WebSocket Frame length=2
2016-12-24 16:58:56  [ nioEventLoopGroup-1-1:157597 ] - [ DEBUG ]  Encoding WebSocket Frame opCode=8 length=2
2016-12-24 16:58:56  [ nioEventLoopGroup-1-1:157598 ] - [ DEBUG ]  有玩家离线!
2016-12-24 16:58:56  [ nioEventLoopGroup-1-2:157641 ] - [ DEBUG ]  [id: 0x694aa40e, /0:0:0:0:0:0:0:1:55185 => /0:0:0:0:0:0:0:1:8888] WebSocket version V13 server handshake
2016-12-24 16:58:56  [ nioEventLoopGroup-1-2:157642 ] - [ DEBUG ]  WebSocket version 13 server handshake key: pPquc0FYYj+ouE7W1lFUig==, response: Q8Chx0GtAc3FVU/qajeUr5rl2D8=
2016-12-24 16:58:58  [ nioEventLoopGroup-1-2:160135 ] - [ DEBUG ]  Decoding WebSocket Frame opCode=1
2016-12-24 16:58:58  [ nioEventLoopGroup-1-2:160135 ] - [ DEBUG ]  Decoding WebSocket Frame length=40
2016-12-24 16:58:58  [ nioEventLoopGroup-1-2:160136 ] - [ DEBUG ]  messageReceived called!
2016-12-24 16:58:58  [ nioEventLoopGroup-1-2:160136 ] - [ DEBUG ]  msg is :{"op":"login_on","name":"dai","pwd":"1"}
2016-12-24 16:58:58  [ Thread-0:160148 ] - [ DEBUG ]  send op : login_on_reply
2016-12-24 16:58:58  [ Thread-0:160149 ] - [ DEBUG ]  send op : sys_player_enter
2016-12-24 16:58:58  [ nioEventLoopGroup-1-2:160149 ] - [ DEBUG ]  Encoding WebSocket Frame opCode=1 length=74
2016-12-24 16:58:58  [ nioEventLoopGroup-1-2:160149 ] - [ DEBUG ]  Encoding WebSocket Frame opCode=1 length=76
2016-12-24 16:59:05  [ nioEventLoopGroup-1-4:166745 ] - [ DEBUG ]  Decoding WebSocket Frame opCode=1
2016-12-24 16:59:05  [ nioEventLoopGroup-1-4:166745 ] - [ DEBUG ]  Decoding WebSocket Frame length=49
2016-12-24 16:59:05  [ nioEventLoopGroup-1-4:166746 ] - [ DEBUG ]  messageReceived called!
2016-12-24 16:59:05  [ nioEventLoopGroup-1-4:166746 ] - [ DEBUG ]  msg is :{"op":"move_start","dir":6,"gx":38,"gy":7,"id":1}
2016-12-24 16:59:05  [ nioEventLoopGroup-1-4:166846 ] - [ DEBUG ]  Decoding WebSocket Frame opCode=1
2016-12-24 16:59:05  [ nioEventLoopGroup-1-4:166847 ] - [ DEBUG ]  Decoding WebSocket Frame length=24
2016-12-24 16:59:05  [ nioEventLoopGroup-1-4:166847 ] - [ DEBUG ]  messageReceived called!
2016-12-24 16:59:05  [ nioEventLoopGroup-1-4:166847 ] - [ DEBUG ]  msg is :{"op":"move_end","id":1}
2016-12-24 16:59:12  [ nioEventLoopGroup-1-4:174174 ] - [ DEBUG ]  Decoding WebSocket Frame opCode=8
2016-12-24 16:59:12  [ nioEventLoopGroup-1-4:174175 ] - [ DEBUG ]  Decoding WebSocket Frame length=2
2016-12-24 16:59:12  [ nioEventLoopGroup-1-4:174175 ] - [ DEBUG ]  Encoding WebSocket Frame opCode=8 length=2
2016-12-24 16:59:12  [ nioEventLoopGroup-1-4:174176 ] - [ DEBUG ]  有玩家离线!
2016-12-24 16:59:12  [ Thread-0:174177 ] - [ DEBUG ]  在线玩家数量:0
2016-12-24 16:59:12  [ nioEventLoopGroup-1-2:174220 ] - [ DEBUG ]  [id: 0x5101034d, /0:0:0:0:0:0:0:1:55188 => /0:0:0:0:0:0:0:1:8888] WebSocket version V13 server handshake
2016-12-24 16:59:12  [ nioEventLoopGroup-1-2:174220 ] - [ DEBUG ]  WebSocket version 13 server handshake key: yJ+xusULbfKCz0IyQLHn2Q==, response: AX38gSzXzOO5Y9M5zcskvoxyod0=
2016-12-24 17:05:18  [ main:0 ] - [ DEBUG ]  Using SLF4J as the default logging framework
2016-12-24 17:05:18  [ main:8 ] - [ DEBUG ]  -Dio.netty.eventLoopThreads: 16
2016-12-24 17:05:18  [ main:44 ] - [ DEBUG ]  java.nio.Buffer.address: available
2016-12-24 17:05:18  [ main:46 ] - [ DEBUG ]  sun.misc.Unsafe.theUnsafe: available
2016-12-24 17:05:18  [ main:46 ] - [ DEBUG ]  sun.misc.Unsafe.copyMemory: available
2016-12-24 17:05:18  [ main:47 ] - [ DEBUG ]  java.nio.Bits.unaligned: true
2016-12-24 17:05:18  [ main:47 ] - [ DEBUG ]  Java version: 8
2016-12-24 17:05:18  [ main:48 ] - [ DEBUG ]  -Dio.netty.noUnsafe: false
2016-12-24 17:05:18  [ main:48 ] - [ DEBUG ]  sun.misc.Unsafe: available
2016-12-24 17:05:18  [ main:48 ] - [ DEBUG ]  -Dio.netty.noJavassist: false
2016-12-24 17:05:18  [ main:49 ] - [ DEBUG ]  Javassist: unavailable
2016-12-24 17:05:18  [ main:49 ] - [ DEBUG ]  You don't have Javassist in your class path or you don't have enough permission to load dynamically generated classes.  Please check the configuration for better performance.
2016-12-24 17:05:18  [ main:50 ] - [ DEBUG ]  -Dio.netty.tmpdir: /var/folders/rj/j9h_c0cx6pxf1mhj6tnf60qw0000gn/T (java.io.tmpdir)
2016-12-24 17:05:18  [ main:50 ] - [ DEBUG ]  -Dio.netty.bitMode: 64 (sun.arch.data.model)
2016-12-24 17:05:18  [ main:50 ] - [ DEBUG ]  -Dio.netty.noPreferDirect: false
2016-12-24 17:05:18  [ main:51 ] - [ DEBUG ]  -Dio.netty.noKeySetOptimization: false
2016-12-24 17:05:18  [ main:52 ] - [ DEBUG ]  -Dio.netty.selectorAutoRebuildThreshold: 512
2016-12-24 17:05:18  [ main:89 ] - [ DEBUG ]  -Dio.netty.processId: 3869 (auto-detected)
2016-12-24 17:05:18  [ main:93 ] - [ DEBUG ]  -Dio.netty.machineId: d4:3d:7e:ff:fe:55:e2:37 (auto-detected)
2016-12-24 17:05:18  [ main:94 ] - [ DEBUG ]  -Dio.netty.initialSeedUniquifier: 0xfb55af82d9c42a03 (took 11 ms)
2016-12-24 17:05:18  [ main:125 ] - [ DEBUG ]  -Dio.netty.allocator.numHeapArenas: 8
2016-12-24 17:05:18  [ main:126 ] - [ DEBUG ]  -Dio.netty.allocator.numDirectArenas: 8
2016-12-24 17:05:18  [ main:126 ] - [ DEBUG ]  -Dio.netty.allocator.pageSize: 8192
2016-12-24 17:05:18  [ main:126 ] - [ DEBUG ]  -Dio.netty.allocator.maxOrder: 11
2016-12-24 17:05:18  [ main:126 ] - [ DEBUG ]  -Dio.netty.allocator.chunkSize: 16777216
2016-12-24 17:05:18  [ main:126 ] - [ DEBUG ]  -Dio.netty.allocator.tinyCacheSize: 512
2016-12-24 17:05:18  [ main:127 ] - [ DEBUG ]  -Dio.netty.allocator.smallCacheSize: 256
2016-12-24 17:05:18  [ main:127 ] - [ DEBUG ]  -Dio.netty.allocator.normalCacheSize: 64
2016-12-24 17:05:18  [ main:127 ] - [ DEBUG ]  -Dio.netty.allocator.maxCachedBufferCapacity: 32768
2016-12-24 17:05:18  [ main:127 ] - [ DEBUG ]  -Dio.netty.allocator.cacheTrimInterval: 8192
2016-12-24 17:05:18  [ main:132 ] - [ DEBUG ]  -Dio.netty.allocator.type: pooled
2016-12-24 17:05:18  [ main:132 ] - [ DEBUG ]  -Dio.netty.threadLocalDirectBufferSize: 65536
2016-12-24 17:05:18  [ main:134 ] - [ DEBUG ]  Loopback interface: lo0 (lo0, 0:0:0:0:0:0:0:1)
2016-12-24 17:05:18  [ main:134 ] - [ DEBUG ]  /proc/sys/net/core/somaxconn: 128 (non-existent)
2016-12-24 17:05:18  [ main:148 ] - [ INFO ]  server start at port 8888
2016-12-24 17:05:18  [ main:149 ] - [ INFO ]  游戏逻辑线程启动......
2016-12-24 17:05:21  [ nioEventLoopGroup-1-0:3167 ] - [ DEBUG ]  -Dio.netty.leakDetectionLevel: simple
2016-12-24 17:05:21  [ nioEventLoopGroup-1-0:3212 ] - [ DEBUG ]  -Dio.netty.recycler.maxCapacity: 262144
2016-12-24 17:05:21  [ nioEventLoopGroup-1-0:3236 ] - [ DEBUG ]  [id: 0x4d64d6f1, /0:0:0:0:0:0:0:1:55213 => /0:0:0:0:0:0:0:1:8888] WebSocket version V13 server handshake
2016-12-24 17:05:21  [ nioEventLoopGroup-1-0:3240 ] - [ DEBUG ]  WebSocket version 13 server handshake key: EJb75Qj9RJqX/e7sDOntWw==, response: R8rbaqSTkwXrU41xT0paoXV0JN4=
2016-12-24 17:05:24  [ nioEventLoopGroup-1-0:5684 ] - [ DEBUG ]  Decoding WebSocket Frame opCode=1
2016-12-24 17:05:24  [ nioEventLoopGroup-1-0:5685 ] - [ DEBUG ]  Decoding WebSocket Frame length=40
2016-12-24 17:05:24  [ nioEventLoopGroup-1-0:5687 ] - [ DEBUG ]  messageReceived called!
2016-12-24 17:05:24  [ nioEventLoopGroup-1-0:5689 ] - [ DEBUG ]  msg is :{"op":"login_on","name":"dai","pwd":"1"}
2016-12-24 17:05:24  [ Thread-0:5836 ] - [ INFO ]  Connected to SQLite 3.15.1
2016-12-24 17:05:24  [ Thread-0:5841 ] - [ DEBUG ]  send op : login_on_reply
2016-12-24 17:05:24  [ nioEventLoopGroup-1-0:5845 ] - [ DEBUG ]  Encoding WebSocket Frame opCode=1 length=74
2016-12-24 17:05:25  [ nioEventLoopGroup-1-0:6693 ] - [ DEBUG ]  Decoding WebSocket Frame opCode=1
2016-12-24 17:05:25  [ nioEventLoopGroup-1-0:6693 ] - [ DEBUG ]  Decoding WebSocket Frame length=49
2016-12-24 17:05:25  [ nioEventLoopGroup-1-0:6694 ] - [ DEBUG ]  messageReceived called!
2016-12-24 17:05:25  [ nioEventLoopGroup-1-0:6694 ] - [ DEBUG ]  msg is :{"op":"move_start","dir":6,"gx":38,"gy":7,"id":1}
2016-12-24 17:05:25  [ nioEventLoopGroup-1-0:6795 ] - [ DEBUG ]  Decoding WebSocket Frame opCode=1
2016-12-24 17:05:25  [ nioEventLoopGroup-1-0:6796 ] - [ DEBUG ]  Decoding WebSocket Frame length=24
2016-12-24 17:05:25  [ nioEventLoopGroup-1-0:6796 ] - [ DEBUG ]  messageReceived called!
2016-12-24 17:05:25  [ nioEventLoopGroup-1-0:6796 ] - [ DEBUG ]  msg is :{"op":"move_end","id":1}
2016-12-24 17:05:26  [ nioEventLoopGroup-1-0:7372 ] - [ DEBUG ]  Decoding WebSocket Frame opCode=1
2016-12-24 17:05:26  [ nioEventLoopGroup-1-0:7372 ] - [ DEBUG ]  Decoding WebSocket Frame length=49
2016-12-24 17:05:26  [ nioEventLoopGroup-1-0:7372 ] - [ DEBUG ]  messageReceived called!
2016-12-24 17:05:26  [ nioEventLoopGroup-1-0:7373 ] - [ DEBUG ]  msg is :{"op":"move_start","dir":3,"gx":38,"gy":7,"id":1}
2016-12-24 17:05:26  [ nioEventLoopGroup-1-0:7509 ] - [ DEBUG ]  Decoding WebSocket Frame opCode=1
2016-12-24 17:05:26  [ nioEventLoopGroup-1-0:7509 ] - [ DEBUG ]  Decoding WebSocket Frame length=24
2016-12-24 17:05:26  [ nioEventLoopGroup-1-0:7510 ] - [ DEBUG ]  messageReceived called!
2016-12-24 17:05:26  [ nioEventLoopGroup-1-0:7510 ] - [ DEBUG ]  msg is :{"op":"move_end","id":1}
2016-12-24 17:05:26  [ nioEventLoopGroup-1-0:7988 ] - [ DEBUG ]  Decoding WebSocket Frame opCode=1
2016-12-24 17:05:26  [ nioEventLoopGroup-1-0:7988 ] - [ DEBUG ]  Decoding WebSocket Frame length=49
2016-12-24 17:05:26  [ nioEventLoopGroup-1-0:7988 ] - [ DEBUG ]  messageReceived called!
2016-12-24 17:05:26  [ nioEventLoopGroup-1-0:7989 ] - [ DEBUG ]  msg is :{"op":"move_start","dir":4,"gx":38,"gy":7,"id":1}
2016-12-24 17:05:26  [ nioEventLoopGroup-1-0:8099 ] - [ DEBUG ]  Decoding WebSocket Frame opCode=1
2016-12-24 17:05:26  [ nioEventLoopGroup-1-0:8100 ] - [ DEBUG ]  Decoding WebSocket Frame length=24
2016-12-24 17:05:26  [ nioEventLoopGroup-1-0:8100 ] - [ DEBUG ]  messageReceived called!
2016-12-24 17:05:26  [ nioEventLoopGroup-1-0:8100 ] - [ DEBUG ]  msg is :{"op":"move_end","id":1}
2016-12-24 17:05:27  [ nioEventLoopGroup-1-0:8763 ] - [ DEBUG ]  Decoding WebSocket Frame opCode=1
2016-12-24 17:05:27  [ nioEventLoopGroup-1-0:8764 ] - [ DEBUG ]  Decoding WebSocket Frame length=49
2016-12-24 17:05:27  [ nioEventLoopGroup-1-0:8764 ] - [ DEBUG ]  messageReceived called!
2016-12-24 17:05:27  [ nioEventLoopGroup-1-0:8764 ] - [ DEBUG ]  msg is :{"op":"move_start","dir":8,"gx":38,"gy":7,"id":1}
2016-12-24 17:05:27  [ nioEventLoopGroup-1-0:8876 ] - [ DEBUG ]  Decoding WebSocket Frame opCode=1
2016-12-24 17:05:27  [ nioEventLoopGroup-1-0:8876 ] - [ DEBUG ]  Decoding WebSocket Frame length=24
2016-12-24 17:05:27  [ nioEventLoopGroup-1-0:8876 ] - [ DEBUG ]  messageReceived called!
2016-12-24 17:05:27  [ nioEventLoopGroup-1-0:8877 ] - [ DEBUG ]  msg is :{"op":"move_end","id":1}
2016-12-24 17:05:27  [ nioEventLoopGroup-1-0:9219 ] - [ DEBUG ]  Decoding WebSocket Frame opCode=1
2016-12-24 17:05:27  [ nioEventLoopGroup-1-0:9220 ] - [ DEBUG ]  Decoding WebSocket Frame length=49
2016-12-24 17:05:27  [ nioEventLoopGroup-1-0:9220 ] - [ DEBUG ]  messageReceived called!
2016-12-24 17:05:27  [ nioEventLoopGroup-1-0:9221 ] - [ DEBUG ]  msg is :{"op":"move_start","dir":3,"gx":38,"gy":7,"id":1}
2016-12-24 17:05:28  [ nioEventLoopGroup-1-0:9363 ] - [ DEBUG ]  Decoding WebSocket Frame opCode=1
2016-12-24 17:05:28  [ nioEventLoopGroup-1-0:9364 ] - [ DEBUG ]  Decoding WebSocket Frame length=24
2016-12-24 17:05:28  [ nioEventLoopGroup-1-0:9364 ] - [ DEBUG ]  messageReceived called!
2016-12-24 17:05:28  [ nioEventLoopGroup-1-0:9364 ] - [ DEBUG ]  msg is :{"op":"move_end","id":1}
2016-12-24 17:05:28  [ nioEventLoopGroup-1-0:9731 ] - [ DEBUG ]  Decoding WebSocket Frame opCode=1
2016-12-24 17:05:28  [ nioEventLoopGroup-1-0:9732 ] - [ DEBUG ]  Decoding WebSocket Frame length=49
2016-12-24 17:05:28  [ nioEventLoopGroup-1-0:9732 ] - [ DEBUG ]  messageReceived called!
2016-12-24 17:05:28  [ nioEventLoopGroup-1-0:9732 ] - [ DEBUG ]  msg is :{"op":"move_start","dir":3,"gx":38,"gy":7,"id":1}
2016-12-24 17:05:28  [ nioEventLoopGroup-1-0:9859 ] - [ DEBUG ]  Decoding WebSocket Frame opCode=1
2016-12-24 17:05:28  [ nioEventLoopGroup-1-0:9860 ] - [ DEBUG ]  Decoding WebSocket Frame length=24
2016-12-24 17:05:28  [ nioEventLoopGroup-1-0:9860 ] - [ DEBUG ]  messageReceived called!
2016-12-24 17:05:28  [ nioEventLoopGroup-1-0:9861 ] - [ DEBUG ]  msg is :{"op":"move_end","id":1}
2016-12-24 17:05:28  [ nioEventLoopGroup-1-0:10076 ] - [ DEBUG ]  Decoding WebSocket Frame opCode=1
2016-12-24 17:05:28  [ nioEventLoopGroup-1-0:10076 ] - [ DEBUG ]  Decoding WebSocket Frame length=49
2016-12-24 17:05:28  [ nioEventLoopGroup-1-0:10076 ] - [ DEBUG ]  messageReceived called!
2016-12-24 17:05:28  [ nioEventLoopGroup-1-0:10077 ] - [ DEBUG ]  msg is :{"op":"move_start","dir":1,"gx":38,"gy":7,"id":1}
2016-12-24 17:05:28  [ nioEventLoopGroup-1-0:10219 ] - [ DEBUG ]  Decoding WebSocket Frame opCode=1
2016-12-24 17:05:28  [ nioEventLoopGroup-1-0:10220 ] - [ DEBUG ]  Decoding WebSocket Frame length=24
2016-12-24 17:05:28  [ nioEventLoopGroup-1-0:10220 ] - [ DEBUG ]  messageReceived called!
2016-12-24 17:05:28  [ nioEventLoopGroup-1-0:10220 ] - [ DEBUG ]  msg is :{"op":"move_end","id":1}
2016-12-24 17:05:29  [ nioEventLoopGroup-1-0:10563 ] - [ DEBUG ]  Decoding WebSocket Frame opCode=1
2016-12-24 17:05:29  [ nioEventLoopGroup-1-0:10564 ] - [ DEBUG ]  Decoding WebSocket Frame length=49
2016-12-24 17:05:29  [ nioEventLoopGroup-1-0:10564 ] - [ DEBUG ]  messageReceived called!
2016-12-24 17:05:29  [ nioEventLoopGroup-1-0:10564 ] - [ DEBUG ]  msg is :{"op":"move_start","dir":4,"gx":38,"gy":7,"id":1}
2016-12-24 17:05:29  [ nioEventLoopGroup-1-0:10747 ] - [ DEBUG ]  Decoding WebSocket Frame opCode=1
2016-12-24 17:05:29  [ nioEventLoopGroup-1-0:10748 ] - [ DEBUG ]  Decoding WebSocket Frame length=24
2016-12-24 17:05:29  [ nioEventLoopGroup-1-0:10748 ] - [ DEBUG ]  messageReceived called!
2016-12-24 17:05:29  [ nioEventLoopGroup-1-0:10748 ] - [ DEBUG ]  msg is :{"op":"move_end","id":1}
2016-12-24 17:05:30  [ nioEventLoopGroup-1-1:11672 ] - [ DEBUG ]  Decoding WebSocket Frame opCode=8
2016-12-24 17:05:30  [ nioEventLoopGroup-1-1:11673 ] - [ DEBUG ]  Decoding WebSocket Frame length=2
2016-12-24 17:05:30  [ nioEventLoopGroup-1-1:11674 ] - [ DEBUG ]  Encoding WebSocket Frame opCode=8 length=2
2016-12-24 17:05:30  [ nioEventLoopGroup-1-1:11676 ] - [ DEBUG ]  有玩家离线!
2016-12-24 17:05:30  [ Thread-0:11692 ] - [ DEBUG ]  在线玩家数量:0
2016-12-24 17:05:30  [ nioEventLoopGroup-1-0:11710 ] - [ DEBUG ]  [id: 0x5b6c336c, /0:0:0:0:0:0:0:1:55214 => /0:0:0:0:0:0:0:1:8888] WebSocket version V13 server handshake
2016-12-24 17:05:30  [ nioEventLoopGroup-1-0:11710 ] - [ DEBUG ]  WebSocket version 13 server handshake key: raMKJOgAJRtHyT8NuDlpZg==, response: dIW8hdRT72qsG420r9t6Y+8+Jz4=
2016-12-24 17:06:41  [ main:0 ] - [ DEBUG ]  Using SLF4J as the default logging framework
2016-12-24 17:06:41  [ main:10 ] - [ DEBUG ]  -Dio.netty.eventLoopThreads: 16
2016-12-24 17:06:41  [ main:45 ] - [ DEBUG ]  java.nio.Buffer.address: available
2016-12-24 17:06:41  [ main:47 ] - [ DEBUG ]  sun.misc.Unsafe.theUnsafe: available
2016-12-24 17:06:41  [ main:48 ] - [ DEBUG ]  sun.misc.Unsafe.copyMemory: available
2016-12-24 17:06:41  [ main:48 ] - [ DEBUG ]  java.nio.Bits.unaligned: true
2016-12-24 17:06:41  [ main:49 ] - [ DEBUG ]  Java version: 8
2016-12-24 17:06:41  [ main:49 ] - [ DEBUG ]  -Dio.netty.noUnsafe: false
2016-12-24 17:06:41  [ main:49 ] - [ DEBUG ]  sun.misc.Unsafe: available
2016-12-24 17:06:41  [ main:50 ] - [ DEBUG ]  -Dio.netty.noJavassist: false
2016-12-24 17:06:41  [ main:51 ] - [ DEBUG ]  Javassist: unavailable
2016-12-24 17:06:41  [ main:51 ] - [ DEBUG ]  You don't have Javassist in your class path or you don't have enough permission to load dynamically generated classes.  Please check the configuration for better performance.
2016-12-24 17:06:41  [ main:51 ] - [ DEBUG ]  -Dio.netty.tmpdir: /var/folders/rj/j9h_c0cx6pxf1mhj6tnf60qw0000gn/T (java.io.tmpdir)
2016-12-24 17:06:41  [ main:51 ] - [ DEBUG ]  -Dio.netty.bitMode: 64 (sun.arch.data.model)
2016-12-24 17:06:41  [ main:52 ] - [ DEBUG ]  -Dio.netty.noPreferDirect: false
2016-12-24 17:06:41  [ main:52 ] - [ DEBUG ]  -Dio.netty.noKeySetOptimization: false
2016-12-24 17:06:41  [ main:54 ] - [ DEBUG ]  -Dio.netty.selectorAutoRebuildThreshold: 512
2016-12-24 17:06:41  [ main:93 ] - [ DEBUG ]  -Dio.netty.processId: 3891 (auto-detected)
2016-12-24 17:06:41  [ main:96 ] - [ DEBUG ]  -Dio.netty.machineId: d4:3d:7e:ff:fe:55:e2:37 (auto-detected)
2016-12-24 17:06:41  [ main:98 ] - [ DEBUG ]  -Dio.netty.initialSeedUniquifier: 0xc541cbf60c27ff38 (took 11 ms)
2016-12-24 17:06:41  [ main:131 ] - [ DEBUG ]  -Dio.netty.allocator.numHeapArenas: 8
2016-12-24 17:06:41  [ main:131 ] - [ DEBUG ]  -Dio.netty.allocator.numDirectArenas: 8
2016-12-24 17:06:41  [ main:131 ] - [ DEBUG ]  -Dio.netty.allocator.pageSize: 8192
2016-12-24 17:06:41  [ main:132 ] - [ DEBUG ]  -Dio.netty.allocator.maxOrder: 11
2016-12-24 17:06:41  [ main:132 ] - [ DEBUG ]  -Dio.netty.allocator.chunkSize: 16777216
2016-12-24 17:06:41  [ main:132 ] - [ DEBUG ]  -Dio.netty.allocator.tinyCacheSize: 512
2016-12-24 17:06:41  [ main:132 ] - [ DEBUG ]  -Dio.netty.allocator.smallCacheSize: 256
2016-12-24 17:06:41  [ main:132 ] - [ DEBUG ]  -Dio.netty.allocator.normalCacheSize: 64
2016-12-24 17:06:41  [ main:132 ] - [ DEBUG ]  -Dio.netty.allocator.maxCachedBufferCapacity: 32768
2016-12-24 17:06:41  [ main:133 ] - [ DEBUG ]  -Dio.netty.allocator.cacheTrimInterval: 8192
2016-12-24 17:06:41  [ main:137 ] - [ DEBUG ]  -Dio.netty.allocator.type: pooled
2016-12-24 17:06:41  [ main:138 ] - [ DEBUG ]  -Dio.netty.threadLocalDirectBufferSize: 65536
2016-12-24 17:06:41  [ main:139 ] - [ DEBUG ]  Loopback interface: lo0 (lo0, 0:0:0:0:0:0:0:1)
2016-12-24 17:06:41  [ main:140 ] - [ DEBUG ]  /proc/sys/net/core/somaxconn: 128 (non-existent)
2016-12-24 17:06:41  [ main:154 ] - [ INFO ]  server start at port 8888
2016-12-24 17:06:41  [ main:155 ] - [ INFO ]  游戏逻辑线程启动......
2016-12-24 17:06:43  [ nioEventLoopGroup-1-0:2287 ] - [ DEBUG ]  -Dio.netty.leakDetectionLevel: simple
2016-12-24 17:06:43  [ nioEventLoopGroup-1-0:2332 ] - [ DEBUG ]  -Dio.netty.recycler.maxCapacity: 262144
2016-12-24 17:06:43  [ nioEventLoopGroup-1-0:2356 ] - [ DEBUG ]  [id: 0x06cb0350, /0:0:0:0:0:0:0:1:55217 => /0:0:0:0:0:0:0:1:8888] WebSocket version V13 server handshake
2016-12-24 17:06:43  [ nioEventLoopGroup-1-0:2360 ] - [ DEBUG ]  WebSocket version 13 server handshake key: 76wNvmWQNEUGv8hfyeoKqg==, response: kQoniEktsj+oJpVi1B5RpXftjzU=
2016-12-24 17:06:45  [ nioEventLoopGroup-1-0:4478 ] - [ DEBUG ]  Decoding WebSocket Frame opCode=1
2016-12-24 17:06:45  [ nioEventLoopGroup-1-0:4478 ] - [ DEBUG ]  Decoding WebSocket Frame length=40
2016-12-24 17:06:45  [ nioEventLoopGroup-1-0:4480 ] - [ DEBUG ]  messageReceived called!
2016-12-24 17:06:45  [ nioEventLoopGroup-1-0:4482 ] - [ DEBUG ]  msg is :{"op":"login_on","name":"dai","pwd":"1"}
2016-12-24 17:06:45  [ Thread-0:4633 ] - [ INFO ]  Connected to SQLite 3.15.1
2016-12-24 17:06:45  [ Thread-0:4638 ] - [ DEBUG ]  send op : login_on_reply
2016-12-24 17:06:45  [ nioEventLoopGroup-1-0:4641 ] - [ DEBUG ]  Encoding WebSocket Frame opCode=1 length=74
2016-12-24 17:06:46  [ nioEventLoopGroup-1-0:5517 ] - [ DEBUG ]  Decoding WebSocket Frame opCode=1
2016-12-24 17:06:46  [ nioEventLoopGroup-1-0:5518 ] - [ DEBUG ]  Decoding WebSocket Frame length=49
2016-12-24 17:06:46  [ nioEventLoopGroup-1-0:5518 ] - [ DEBUG ]  messageReceived called!
2016-12-24 17:06:46  [ nioEventLoopGroup-1-0:5519 ] - [ DEBUG ]  msg is :{"op":"move_start","dir":6,"gx":38,"gy":7,"id":1}
2016-12-24 17:06:46  [ nioEventLoopGroup-1-0:5629 ] - [ DEBUG ]  Decoding WebSocket Frame opCode=1
2016-12-24 17:06:46  [ nioEventLoopGroup-1-0:5629 ] - [ DEBUG ]  Decoding WebSocket Frame length=24
2016-12-24 17:06:46  [ nioEventLoopGroup-1-0:5630 ] - [ DEBUG ]  messageReceived called!
2016-12-24 17:06:46  [ nioEventLoopGroup-1-0:5630 ] - [ DEBUG ]  msg is :{"op":"move_end","id":1}
2016-12-24 17:06:47  [ nioEventLoopGroup-1-0:6374 ] - [ DEBUG ]  Decoding WebSocket Frame opCode=1
2016-12-24 17:06:47  [ nioEventLoopGroup-1-0:6374 ] - [ DEBUG ]  Decoding WebSocket Frame length=49
2016-12-24 17:06:47  [ nioEventLoopGroup-1-0:6374 ] - [ DEBUG ]  messageReceived called!
2016-12-24 17:06:47  [ nioEventLoopGroup-1-0:6375 ] - [ DEBUG ]  msg is :{"op":"move_start","dir":6,"gx":36,"gy":9,"id":1}
2016-12-24 17:06:48  [ nioEventLoopGroup-1-0:6957 ] - [ DEBUG ]  Decoding WebSocket Frame opCode=1
2016-12-24 17:06:48  [ nioEventLoopGroup-1-0:6958 ] - [ DEBUG ]  Decoding WebSocket Frame length=24
2016-12-24 17:06:48  [ nioEventLoopGroup-1-0:6958 ] - [ DEBUG ]  messageReceived called!
2016-12-24 17:06:48  [ nioEventLoopGroup-1-0:6958 ] - [ DEBUG ]  msg is :{"op":"move_end","id":1}
2016-12-24 17:06:48  [ nioEventLoopGroup-1-0:7389 ] - [ DEBUG ]  Decoding WebSocket Frame opCode=1
2016-12-24 17:06:48  [ nioEventLoopGroup-1-0:7389 ] - [ DEBUG ]  Decoding WebSocket Frame length=50
2016-12-24 17:06:48  [ nioEventLoopGroup-1-0:7390 ] - [ DEBUG ]  messageReceived called!
2016-12-24 17:06:48  [ nioEventLoopGroup-1-0:7390 ] - [ DEBUG ]  msg is :{"op":"move_start","dir":8,"gx":26,"gy":19,"id":1}
2016-12-24 17:06:49  [ nioEventLoopGroup-1-0:7965 ] - [ DEBUG ]  Decoding WebSocket Frame opCode=1
2016-12-24 17:06:49  [ nioEventLoopGroup-1-0:7965 ] - [ DEBUG ]  Decoding WebSocket Frame length=24
2016-12-24 17:06:49  [ nioEventLoopGroup-1-0:7965 ] - [ DEBUG ]  messageReceived called!
2016-12-24 17:06:49  [ nioEventLoopGroup-1-0:7966 ] - [ DEBUG ]  msg is :{"op":"move_end","id":1}
2016-12-24 17:06:49  [ nioEventLoopGroup-1-0:8445 ] - [ DEBUG ]  Decoding WebSocket Frame opCode=1
2016-12-24 17:06:49  [ nioEventLoopGroup-1-0:8445 ] - [ DEBUG ]  Decoding WebSocket Frame length=50
2016-12-24 17:06:49  [ nioEventLoopGroup-1-0:8446 ] - [ DEBUG ]  messageReceived called!
2016-12-24 17:06:49  [ nioEventLoopGroup-1-0:8446 ] - [ DEBUG ]  msg is :{"op":"move_start","dir":4,"gx":36,"gy":29,"id":1}
2016-12-24 17:06:50  [ nioEventLoopGroup-1-0:9173 ] - [ DEBUG ]  Decoding WebSocket Frame opCode=1
2016-12-24 17:06:50  [ nioEventLoopGroup-1-0:9174 ] - [ DEBUG ]  Decoding WebSocket Frame length=24
2016-12-24 17:06:50  [ nioEventLoopGroup-1-0:9174 ] - [ DEBUG ]  messageReceived called!
2016-12-24 17:06:50  [ nioEventLoopGroup-1-0:9174 ] - [ DEBUG ]  msg is :{"op":"move_end","id":1}
2016-12-24 17:06:50  [ nioEventLoopGroup-1-0:9469 ] - [ DEBUG ]  Decoding WebSocket Frame opCode=1
2016-12-24 17:06:50  [ nioEventLoopGroup-1-0:9470 ] - [ DEBUG ]  Decoding WebSocket Frame length=50
2016-12-24 17:06:50  [ nioEventLoopGroup-1-0:9470 ] - [ DEBUG ]  messageReceived called!
2016-12-24 17:06:50  [ nioEventLoopGroup-1-0:9471 ] - [ DEBUG ]  msg is :{"op":"move_start","dir":3,"gx":52,"gy":29,"id":1}
2016-12-24 17:06:51  [ nioEventLoopGroup-1-0:10629 ] - [ DEBUG ]  Decoding WebSocket Frame opCode=1
2016-12-24 17:06:51  [ nioEventLoopGroup-1-0:10629 ] - [ DEBUG ]  Decoding WebSocket Frame length=24
2016-12-24 17:06:51  [ nioEventLoopGroup-1-0:10629 ] - [ DEBUG ]  messageReceived called!
2016-12-24 17:06:51  [ nioEventLoopGroup-1-0:10630 ] - [ DEBUG ]  msg is :{"op":"move_end","id":1}
2016-12-24 17:06:52  [ nioEventLoopGroup-1-0:11341 ] - [ DEBUG ]  Decoding WebSocket Frame opCode=1
2016-12-24 17:06:52  [ nioEventLoopGroup-1-0:11342 ] - [ DEBUG ]  Decoding WebSocket Frame length=50
2016-12-24 17:06:52  [ nioEventLoopGroup-1-0:11342 ] - [ DEBUG ]  messageReceived called!
2016-12-24 17:06:52  [ nioEventLoopGroup-1-0:11342 ] - [ DEBUG ]  msg is :{"op":"move_start","dir":5,"gx":25,"gy":29,"id":1}
2016-12-24 17:06:53  [ nioEventLoopGroup-1-0:11957 ] - [ DEBUG ]  Decoding WebSocket Frame opCode=1
2016-12-24 17:06:53  [ nioEventLoopGroup-1-0:11958 ] - [ DEBUG ]  Decoding WebSocket Frame length=24
2016-12-24 17:06:53  [ nioEventLoopGroup-1-0:11958 ] - [ DEBUG ]  messageReceived called!
2016-12-24 17:06:53  [ nioEventLoopGroup-1-0:11958 ] - [ DEBUG ]  msg is :{"op":"move_end","id":1}
2016-12-24 17:06:55  [ nioEventLoopGroup-1-0:14358 ] - [ DEBUG ]  Decoding WebSocket Frame opCode=1
2016-12-24 17:06:55  [ nioEventLoopGroup-1-0:14358 ] - [ DEBUG ]  Decoding WebSocket Frame length=50
2016-12-24 17:06:55  [ nioEventLoopGroup-1-0:14359 ] - [ DEBUG ]  messageReceived called!
2016-12-24 17:06:55  [ nioEventLoopGroup-1-0:14359 ] - [ DEBUG ]  msg is :{"op":"move_start","dir":4,"gx":15,"gy":19,"id":1}
2016-12-24 17:06:56  [ nioEventLoopGroup-1-0:15229 ] - [ DEBUG ]  Decoding WebSocket Frame opCode=1
2016-12-24 17:06:56  [ nioEventLoopGroup-1-0:15229 ] - [ DEBUG ]  Decoding WebSocket Frame length=24
2016-12-24 17:06:56  [ nioEventLoopGroup-1-0:15229 ] - [ DEBUG ]  messageReceived called!
2016-12-24 17:06:56  [ nioEventLoopGroup-1-0:15230 ] - [ DEBUG ]  msg is :{"op":"move_end","id":1}
